[2018-02-08 00:32:51] [INFO ] [org.springframework.boot.context.embedded.AnnotationConfigEmbeddedWebApplicationContext:984] -- Closing org.springframework.boot.context.embedded.AnnotationConfigEmbeddedWebApplicationContext@7e8dcdaa: startup date [Wed Feb 07 22:10:46 CST 2018]; parent: org.springframework.context.annotation.AnnotationConfigApplicationContext@19d481b
[2018-02-08 00:32:51] [INFO ] [org.springframework.context.annotation.AnnotationConfigApplicationContext:984] -- Closing org.springframework.context.annotation.AnnotationConfigApplicationContext@369a95a5: startup date [Wed Feb 07 22:10:52 CST 2018]; parent: org.springframework.boot.context.embedded.AnnotationConfigEmbeddedWebApplicationContext@7e8dcdaa
[2018-02-08 00:32:51] [INFO ] [org.springframework.context.support.DefaultLifecycleProcessor:358] -- Stopping beans in phase 2147483647
[2018-02-08 00:32:51] [INFO ] [org.springframework.context.support.DefaultLifecycleProcessor:358] -- Stopping beans in phase 2147482647
[2018-02-08 00:32:51] [INFO ] [org.springframework.context.support.DefaultLifecycleProcessor:358] -- Stopping beans in phase 0
[2018-02-08 00:32:51] [INFO ] [org.springframework.integration.endpoint.EventDrivenConsumer:108] -- Removing {logging-channel-adapter:_org.springframework.integration.errorLogger} as a subscriber to the 'errorChannel' channel
[2018-02-08 00:32:51] [INFO ] [org.springframework.integration.channel.PublishSubscribeChannel:81] -- Channel 'cjzf-zipkin-server:dev:8018.errorChannel' has 0 subscriber(s).
[2018-02-08 00:32:51] [INFO ] [org.springframework.integration.endpoint.EventDrivenConsumer:154] -- stopped _org.springframework.integration.errorLogger
[2018-02-08 00:32:51] [INFO ] [org.springframework.integration.endpoint.SourcePollingChannelAdapter:154] -- stopped sleuthStreamSpanReporter.poll.inboundChannelAdapter
[2018-02-08 00:32:51] [INFO ] [org.springframework.context.support.DefaultLifecycleProcessor:358] -- Stopping beans in phase -2147482648
[2018-02-08 00:32:51] [INFO ] [org.springframework.boot.actuate.endpoint.jmx.EndpointMBeanExporter:449] -- Unregistering JMX-exposed beans on shutdown
[2018-02-08 00:32:51] [INFO ] [org.springframework.boot.actuate.endpoint.jmx.EndpointMBeanExporter:241] -- Unregistering JMX-exposed beans
[2018-02-08 00:32:51] [INFO ] [org.springframework.scheduling.concurrent.ThreadPoolTaskScheduler:202] -- Shutting down ExecutorService 'taskScheduler'
[2018-02-08 00:32:51] [INFO ] [org.springframework.integration.monitor.IntegrationMBeanExporter:449] -- Unregistering JMX-exposed beans on shutdown
[2018-02-08 00:32:51] [INFO ] [org.springframework.integration.monitor.IntegrationMBeanExporter:241] -- Unregistering JMX-exposed beans
[2018-02-08 00:32:51] [INFO ] [org.springframework.integration.monitor.IntegrationMBeanExporter:375] -- Summary on shutdown: nullChannel
[2018-02-08 00:32:51] [INFO ] [org.springframework.integration.monitor.IntegrationMBeanExporter:375] -- Summary on shutdown: sleuth
[2018-02-08 00:32:51] [INFO ] [org.springframework.integration.monitor.IntegrationMBeanExporter:375] -- Summary on shutdown: errorChannel
[2018-02-08 00:32:51] [INFO ] [org.springframework.integration.monitor.IntegrationMBeanExporter:378] -- Summary on shutdown: _org.springframework.integration.errorLogger.handler
[2018-02-08 00:32:51] [INFO ] [org.springframework.integration.monitor.IntegrationMBeanExporter:381] -- Summary on shutdown: org.springframework.integration.endpoint.MethodInvokingMessageSource@40a28bda
[2018-02-08 00:32:51] [INFO ] [org.springframework.jmx.export.annotation.AnnotationMBeanExporter:449] -- Unregistering JMX-exposed beans on shutdown
[2018-02-08 00:32:51] [INFO ] [org.springframework.jmx.export.annotation.AnnotationMBeanExporter:241] -- Unregistering JMX-exposed beans
[2018-02-08 00:32:51] [INFO ] [io.undertow.servlet:360] -- Destroying Spring FrameworkServlet 'dispatcherServlet'
[2018-02-08 00:34:34] [INFO ] [com.cjzf.Zipkin:597] -- The following profiles are active: dev
[2018-02-08 00:34:34] [INFO ] [org.springframework.boot.context.embedded.AnnotationConfigEmbeddedWebApplicationContext:583] -- Refreshing org.springframework.boot.context.embedded.AnnotationConfigEmbeddedWebApplicationContext@d1a10ac: startup date [Thu Feb 08 00:34:34 CST 2018]; parent: org.springframework.context.annotation.AnnotationConfigApplicationContext@32c8e539
[2018-02-08 00:34:35] [INFO ] [org.springframework.integration.config.IntegrationRegistrar:330] -- No bean named 'integrationHeaderChannelRegistry' has been explicitly defined. Therefore, a default DefaultHeaderChannelRegistry will be created.
[2018-02-08 00:34:35] [INFO ] [org.springframework.beans.factory.support.DefaultListableBeanFactory:828] -- Overriding bean definition for bean 'managementServletContext' with a different definition: replacing [Root bean: class [null]; scope=; abstract=false; lazyInit=false; autowireMode=3; dependencyCheck=0; autowireCandidate=true; primary=false; factoryBeanName=org.springframework.boot.actuate.autoconfigure.EndpointWebMvcHypermediaManagementContextConfiguration; factoryMethodName=managementServletContext; initMethodName=null; destroyMethodName=(inferred); defined in class path resource [org/springframework/boot/actuate/autoconfigure/EndpointWebMvcHypermediaManagementContextConfiguration.class]] with [Root bean: class [null]; scope=; abstract=false; lazyInit=false; autowireMode=3; dependencyCheck=0; autowireCandidate=true; primary=false; factoryBeanName=org.springframework.boot.actuate.autoconfigure.EndpointWebMvcAutoConfiguration; factoryMethodName=managementServletContext; initMethodName=null; destroyMethodName=(inferred); defined in class path resource [org/springframework/boot/actuate/autoconfigure/EndpointWebMvcAutoConfiguration.class]]
[2018-02-08 00:34:35] [INFO ] [org.springframework.beans.factory.support.DefaultListableBeanFactory:828] -- Overriding bean definition for bean 'characterEncodingFilter' with a different definition: replacing [Root bean: class [null]; scope=; abstract=false; lazyInit=false; autowireMode=3; dependencyCheck=0; autowireCandidate=true; primary=false; factoryBeanName=org.springframework.boot.autoconfigure.web.HttpEncodingAutoConfiguration; factoryMethodName=characterEncodingFilter; initMethodName=null; destroyMethodName=(inferred); defined in class path resource [org/springframework/boot/autoconfigure/web/HttpEncodingAutoConfiguration.class]] with [Root bean: class [null]; scope=; abstract=false; lazyInit=false; autowireMode=3; dependencyCheck=0; autowireCandidate=true; primary=false; factoryBeanName=zipkin.autoconfigure.ui.ZipkinUiAutoConfiguration; factoryMethodName=characterEncodingFilter; initMethodName=null; destroyMethodName=(inferred); defined in class path resource [zipkin/autoconfigure/ui/ZipkinUiAutoConfiguration.class]]
[2018-02-08 00:34:35] [INFO ] [org.springframework.cloud.context.scope.GenericScope:263] -- BeanFactory id=b5494edc-828a-3e8e-9e98-27f826624d46
[2018-02-08 00:34:35] [INFO ] [org.springframework.integration.config.DefaultConfiguringBeanFactoryPostProcessor:130] -- No bean named 'errorChannel' has been explicitly defined. Therefore, a default PublishSubscribeChannel will be created.
[2018-02-08 00:34:35] [INFO ] [org.springframework.integration.config.DefaultConfiguringBeanFactoryPostProcessor:158] -- No bean named 'taskScheduler' has been explicitly defined. Therefore, a default ThreadPoolTaskScheduler will be created.
[2018-02-08 00:34:35] [INFO ] [org.springframework.context.support.PostProcessorRegistrationDelegate$BeanPostProcessorChecker:327] -- Bean 'org.springframework.amqp.rabbit.annotation.RabbitBootstrapConfiguration' of type [org.springframework.amqp.rabbit.annotation.RabbitBootstrapConfiguration$$EnhancerBySpringCGLIB$$9c430aeb] is not eligible for getting processed by all BeanPostProcessors (for example: not eligible for auto-proxying)
[2018-02-08 00:34:35] [INFO ] [org.springframework.context.support.PostProcessorRegistrationDelegate$BeanPostProcessorChecker:327] -- Bean 'org.springframework.cloud.sleuth.instrument.async.AsyncDefaultAutoConfiguration$DefaultAsyncConfigurerSupport' of type [org.springframework.cloud.sleuth.instrument.async.AsyncDefaultAutoConfiguration$DefaultAsyncConfigurerSupport$$EnhancerBySpringCGLIB$$1318ea80] is not eligible for getting processed by all BeanPostProcessors (for example: not eligible for auto-proxying)
[2018-02-08 00:34:35] [INFO ] [org.springframework.context.support.PostProcessorRegistrationDelegate$BeanPostProcessorChecker:327] -- Bean 'org.springframework.cloud.sleuth.annotation.SleuthAnnotationAutoConfiguration' of type [org.springframework.cloud.sleuth.annotation.SleuthAnnotationAutoConfiguration$$EnhancerBySpringCGLIB$$d83c92ef] is not eligible for getting processed by all BeanPostProcessors (for example: not eligible for auto-proxying)
[2018-02-08 00:34:35] [INFO ] [org.springframework.context.support.PostProcessorRegistrationDelegate$BeanPostProcessorChecker:327] -- Bean 'sleuthAdvisorConfig' of type [org.springframework.cloud.sleuth.annotation.SleuthAdvisorConfig] is not eligible for getting processed by all BeanPostProcessors (for example: not eligible for auto-proxying)
[2018-02-08 00:34:35] [INFO ] [org.springframework.context.support.PostProcessorRegistrationDelegate$BeanPostProcessorChecker:327] -- Bean 'integrationGlobalProperties' of type [org.springframework.beans.factory.config.PropertiesFactoryBean] is not eligible for getting processed by all BeanPostProcessors (for example: not eligible for auto-proxying)
[2018-02-08 00:34:36] [INFO ] [org.springframework.context.support.PostProcessorRegistrationDelegate$BeanPostProcessorChecker:327] -- Bean 'integrationGlobalProperties' of type [java.util.Properties] is not eligible for getting processed by all BeanPostProcessors (for example: not eligible for auto-proxying)
[2018-02-08 00:34:36] [INFO ] [org.springframework.context.support.PostProcessorRegistrationDelegate$BeanPostProcessorChecker:327] -- Bean 'org.springframework.cloud.autoconfigure.ConfigurationPropertiesRebinderAutoConfiguration' of type [org.springframework.cloud.autoconfigure.ConfigurationPropertiesRebinderAutoConfiguration$$EnhancerBySpringCGLIB$$f1f14fba] is not eligible for getting processed by all BeanPostProcessors (for example: not eligible for auto-proxying)
[2018-02-08 00:34:36] [INFO ] [org.springframework.context.support.PostProcessorRegistrationDelegate$BeanPostProcessorChecker:327] -- Bean 'org.springframework.cloud.stream.config.BindingServiceConfiguration$PostProcessorConfiguration' of type [org.springframework.cloud.stream.config.BindingServiceConfiguration$PostProcessorConfiguration$$EnhancerBySpringCGLIB$$979eeac2] is not eligible for getting processed by all BeanPostProcessors (for example: not eligible for auto-proxying)
[2018-02-08 00:34:36] [INFO ] [org.springframework.context.support.PostProcessorRegistrationDelegate$BeanPostProcessorChecker:327] -- Bean 'org.springframework.cloud.sleuth.instrument.async.AsyncDefaultAutoConfiguration' of type [org.springframework.cloud.sleuth.instrument.async.AsyncDefaultAutoConfiguration$$EnhancerBySpringCGLIB$$bdbaf8dc] is not eligible for getting processed by all BeanPostProcessors (for example: not eligible for auto-proxying)
[2018-02-08 00:34:36] [INFO ] [org.xnio:104] -- XNIO version 3.3.8.Final
[2018-02-08 00:34:36] [INFO ] [org.xnio.nio:55] -- XNIO NIO Implementation Version 3.3.8.Final
[2018-02-08 00:34:36] [WARN ] [io.undertow.websockets.jsr:67] -- UT026009: XNIO worker was not set on WebSocketDeploymentInfo, the default worker will be used
[2018-02-08 00:34:36] [WARN ] [io.undertow.websockets.jsr:76] -- UT026010: Buffer pool was not set on WebSocketDeploymentInfo, the default pool will be used
[2018-02-08 00:34:36] [INFO ] [io.undertow.servlet:360] -- Initializing Spring embedded WebApplicationContext
[2018-02-08 00:34:36] [INFO ] [org.springframework.web.context.ContextLoader:276] -- Root WebApplicationContext: initialization completed in 1910 ms
[2018-02-08 00:34:37] [INFO ] [org.springframework.boot.web.servlet.FilterRegistrationBean:258] -- Mapping filter: 'metricsFilter' to: [/*]
[2018-02-08 00:34:37] [INFO ] [org.springframework.boot.web.servlet.FilterRegistrationBean:258] -- Mapping filter: 'traceFilter' to: [/*]
[2018-02-08 00:34:37] [INFO ] [org.springframework.boot.web.servlet.FilterRegistrationBean:258] -- Mapping filter: 'hiddenHttpMethodFilter' to: [/*]
[2018-02-08 00:34:37] [INFO ] [org.springframework.boot.web.servlet.FilterRegistrationBean:258] -- Mapping filter: 'httpPutFormContentFilter' to: [/*]
[2018-02-08 00:34:37] [INFO ] [org.springframework.boot.web.servlet.FilterRegistrationBean:258] -- Mapping filter: 'requestContextFilter' to: [/*]
[2018-02-08 00:34:37] [INFO ] [org.springframework.boot.web.servlet.FilterRegistrationBean:258] -- Mapping filter: 'webRequestLoggingFilter' to: [/*]
[2018-02-08 00:34:37] [INFO ] [org.springframework.boot.web.servlet.FilterRegistrationBean:258] -- Mapping filter: 'applicationContextIdFilter' to: [/*]
[2018-02-08 00:34:37] [INFO ] [org.springframework.boot.web.servlet.FilterRegistrationBean:258] -- Mapping filter: 'characterEncodingFilter' to: [/*]
[2018-02-08 00:34:37] [INFO ] [org.springframework.boot.web.servlet.ServletRegistrationBean:190] -- Mapping servlet: 'dispatcherServlet' to [/]
[2018-02-08 00:34:38] [INFO ] [org.springframework.web.servlet.mvc.method.annotation.RequestMappingHandlerAdapter:534] -- Looking for @ControllerAdvice: org.springframework.boot.context.embedded.AnnotationConfigEmbeddedWebApplicationContext@d1a10ac: startup date [Thu Feb 08 00:34:34 CST 2018]; parent: org.springframework.context.annotation.AnnotationConfigApplicationContext@32c8e539
[2018-02-08 00:34:38] [INFO ] [org.springframework.web.servlet.mvc.method.annotation.RequestMappingHandlerAdapter:566] -- Detected ResponseBodyAdvice bean in org.springframework.boot.actuate.autoconfigure.EndpointWebMvcHypermediaManagementContextConfiguration$ActuatorEndpointLinksAdvice
[2018-02-08 00:34:38] [INFO ] [org.springframework.web.servlet.mvc.method.annotation.RequestMappingHandlerMapping:543] -- Mapped "{[/api/v1/trace/{traceIdHex}],methods=[GET],produces=[application/json]}" onto public java.lang.String zipkin.server.ZipkinQueryApiV1.getTrace(java.lang.String,org.springframework.web.context.request.WebRequest)
[2018-02-08 00:34:38] [INFO ] [org.springframework.web.servlet.mvc.method.annotation.RequestMappingHandlerMapping:543] -- Mapped "{[/api/v1/dependencies],methods=[GET],produces=[application/json]}" onto public byte[] zipkin.server.ZipkinQueryApiV1.getDependencies(long,java.lang.Long)
[2018-02-08 00:34:38] [INFO ] [org.springframework.web.servlet.mvc.method.annotation.RequestMappingHandlerMapping:543] -- Mapped "{[/api/v1/services],methods=[GET]}" onto public org.springframework.http.ResponseEntity<java.util.List<java.lang.String>> zipkin.server.ZipkinQueryApiV1.getServiceNames()
[2018-02-08 00:34:38] [INFO ] [org.springframework.web.servlet.mvc.method.annotation.RequestMappingHandlerMapping:543] -- Mapped "{[/api/v1/spans],methods=[GET]}" onto public org.springframework.http.ResponseEntity<java.util.List<java.lang.String>> zipkin.server.ZipkinQueryApiV1.getSpanNames(java.lang.String)
[2018-02-08 00:34:38] [INFO ] [org.springframework.web.servlet.mvc.method.annotation.RequestMappingHandlerMapping:543] -- Mapped "{[/api/v1/traces],methods=[GET],produces=[application/json]}" onto public java.lang.String zipkin.server.ZipkinQueryApiV1.getTraces(java.lang.String,java.lang.String,java.lang.String,java.lang.Long,java.lang.Long,java.lang.Long,java.lang.Long,java.lang.Integer)
[2018-02-08 00:34:38] [INFO ] [org.springframework.web.servlet.mvc.method.annotation.RequestMappingHandlerMapping:543] -- Mapped "{[/api/v1/spans],methods=[POST]}" onto public org.springframework.util.concurrent.ListenableFuture<org.springframework.http.ResponseEntity<?>> zipkin.server.ZipkinHttpCollector.uploadSpansJson(java.lang.String,byte[])
[2018-02-08 00:34:38] [INFO ] [org.springframework.web.servlet.mvc.method.annotation.RequestMappingHandlerMapping:543] -- Mapped "{[/api/v1/spans],methods=[POST],consumes=[application/x-thrift]}" onto public org.springframework.util.concurrent.ListenableFuture<org.springframework.http.ResponseEntity<?>> zipkin.server.ZipkinHttpCollector.uploadSpansThrift(java.lang.String,byte[])
[2018-02-08 00:34:38] [INFO ] [org.springframework.web.servlet.mvc.method.annotation.RequestMappingHandlerMapping:543] -- Mapped "{[/error]}" onto public org.springframework.http.ResponseEntity<java.util.Map<java.lang.String, java.lang.Object>> org.springframework.boot.autoconfigure.web.BasicErrorController.error(javax.servlet.http.HttpServletRequest)
[2018-02-08 00:34:38] [INFO ] [org.springframework.web.servlet.mvc.method.annotation.RequestMappingHandlerMapping:543] -- Mapped "{[/error],produces=[text/html]}" onto public org.springframework.web.servlet.ModelAndView org.springframework.boot.autoconfigure.web.BasicErrorController.errorHtml(javax.servlet.http.HttpServletRequest,javax.servlet.http.HttpServletResponse)
[2018-02-08 00:34:38] [INFO ] [org.springframework.web.servlet.mvc.method.annotation.RequestMappingHandlerMapping:543] -- Mapped "{[/favicon.ico],methods=[GET]}" onto public org.springframework.web.servlet.ModelAndView zipkin.autoconfigure.ui.ZipkinUiAutoConfiguration.favicon()
[2018-02-08 00:34:38] [INFO ] [org.springframework.web.servlet.mvc.method.annotation.RequestMappingHandlerMapping:543] -- Mapped "{[/zipkin/config.json],methods=[GET]}" onto public org.springframework.http.ResponseEntity<zipkin.autoconfigure.ui.ZipkinUiProperties> zipkin.autoconfigure.ui.ZipkinUiAutoConfiguration.serveUiConfig()
[2018-02-08 00:34:38] [INFO ] [org.springframework.web.servlet.mvc.method.annotation.RequestMappingHandlerMapping:543] -- Mapped "{[/zipkin/index.html],methods=[GET]}" onto public org.springframework.http.ResponseEntity<org.springframework.core.io.Resource> zipkin.autoconfigure.ui.ZipkinUiAutoConfiguration.serveIndex()
[2018-02-08 00:34:38] [INFO ] [org.springframework.web.servlet.mvc.method.annotation.RequestMappingHandlerMapping:543] -- Mapped "{[/zipkin/ || /zipkin/traces/{id} || /zipkin/dependency],methods=[GET]}" onto public org.springframework.web.servlet.ModelAndView zipkin.autoconfigure.ui.ZipkinUiAutoConfiguration.forwardUiEndpoints()
[2018-02-08 00:34:38] [INFO ] [org.springframework.web.servlet.mvc.method.annotation.RequestMappingHandlerMapping:543] -- Mapped "{[/zipkin/api/v1/**],methods=[GET]}" onto public org.springframework.web.servlet.ModelAndView zipkin.autoconfigure.ui.ZipkinUiAutoConfiguration.forwardApi()
[2018-02-08 00:34:38] [INFO ] [org.springframework.web.servlet.mvc.method.annotation.RequestMappingHandlerMapping:543] -- Mapped "{[/],methods=[GET]}" onto public org.springframework.web.servlet.ModelAndView zipkin.autoconfigure.ui.ZipkinUiAutoConfiguration.redirectRoot()
[2018-02-08 00:34:38] [INFO ] [org.springframework.web.servlet.handler.SimpleUrlHandlerMapping:362] -- Mapped URL path [/webjars/**] onto handler of type [class org.springframework.web.servlet.resource.ResourceHttpRequestHandler]
[2018-02-08 00:34:38] [INFO ] [org.springframework.web.servlet.handler.SimpleUrlHandlerMapping:362] -- Mapped URL path [/**] onto handler of type [class org.springframework.web.servlet.resource.ResourceHttpRequestHandler]
[2018-02-08 00:34:38] [INFO ] [org.springframework.web.servlet.handler.SimpleUrlHandlerMapping:362] -- Mapped URL path [/docs/**] onto handler of type [class org.springframework.web.servlet.resource.ResourceHttpRequestHandler]
[2018-02-08 00:34:38] [INFO ] [org.springframework.web.servlet.handler.SimpleUrlHandlerMapping:362] -- Mapped URL path [/actuator/] onto handler of type [class org.springframework.web.servlet.resource.ResourceHttpRequestHandler]
[2018-02-08 00:34:38] [INFO ] [org.springframework.web.servlet.handler.SimpleUrlHandlerMapping:362] -- Mapped URL path [/actuator/**] onto handler of type [class org.springframework.web.servlet.resource.ResourceHttpRequestHandler]
[2018-02-08 00:34:38] [INFO ] [org.springframework.web.servlet.handler.SimpleUrlHandlerMapping:362] -- Mapped URL path [/zipkin/**] onto handler of type [class org.springframework.web.servlet.resource.ResourceHttpRequestHandler]
[2018-02-08 00:34:38] [INFO ] [org.springframework.web.servlet.mvc.method.annotation.ExceptionHandlerExceptionResolver:279] -- Detected ResponseBodyAdvice implementation in org.springframework.boot.actuate.autoconfigure.EndpointWebMvcHypermediaManagementContextConfiguration$ActuatorEndpointLinksAdvice
[2018-02-08 00:34:38] [INFO ] [org.springframework.web.servlet.handler.SimpleUrlHandlerMapping:362] -- Mapped URL path [/**/favicon.ico] onto handler of type [class org.springframework.web.servlet.resource.ResourceHttpRequestHandler]
[2018-02-08 00:34:39] [INFO ] [org.springframework.scheduling.concurrent.ThreadPoolTaskScheduler:165] -- Initializing ExecutorService  'taskScheduler'
[2018-02-08 00:34:40] [INFO ] [org.springframework.boot.actuate.endpoint.mvc.EndpointHandlerMapping:543] -- Mapped "{[/health || /health.json],methods=[GET],produces=[application/vnd.spring-boot.actuator.v1+json || application/json]}" onto public java.lang.Object org.springframework.boot.actuate.endpoint.mvc.HealthMvcEndpoint.invoke(javax.servlet.http.HttpServletRequest,java.security.Principal)
[2018-02-08 00:34:40] [INFO ] [org.springframework.boot.actuate.endpoint.mvc.EndpointHandlerMapping:543] -- Mapped "{[/configprops || /configprops.json],methods=[GET],produces=[application/vnd.spring-boot.actuator.v1+json || application/json]}" onto public java.lang.Object org.springframework.boot.actuate.endpoint.mvc.EndpointMvcAdapter.invoke()
[2018-02-08 00:34:40] [INFO ] [org.springframework.boot.actuate.endpoint.mvc.EndpointHandlerMapping:543] -- Mapped "{[/docs],produces=[text/html]}" onto public java.lang.String org.springframework.boot.actuate.endpoint.mvc.DocsMvcEndpoint.redirect()
[2018-02-08 00:34:40] [INFO ] [org.springframework.boot.actuate.endpoint.mvc.EndpointHandlerMapping:543] -- Mapped "{[/docs/],produces=[text/html]}" onto public java.lang.String org.springframework.boot.actuate.endpoint.mvc.DocsMvcEndpoint.browse()
[2018-02-08 00:34:40] [INFO ] [org.springframework.boot.actuate.endpoint.mvc.EndpointHandlerMapping:543] -- Mapped "{[/autoconfig || /autoconfig.json],methods=[GET],produces=[application/vnd.spring-boot.actuator.v1+json || application/json]}" onto public java.lang.Object org.springframework.boot.actuate.endpoint.mvc.EndpointMvcAdapter.invoke()
[2018-02-08 00:34:40] [INFO ] [org.springframework.boot.actuate.endpoint.mvc.EndpointHandlerMapping:543] -- Mapped "{[/resume || /resume.json],methods=[POST]}" onto public java.lang.Object org.springframework.cloud.endpoint.GenericPostableMvcEndpoint.invoke()
[2018-02-08 00:34:40] [INFO ] [org.springframework.boot.actuate.endpoint.mvc.EndpointHandlerMapping:543] -- Mapped "{[/actuator || /actuator.json],produces=[text/html]}" onto public java.lang.String org.springframework.boot.actuate.endpoint.mvc.HalBrowserMvcEndpoint.browse(javax.servlet.http.HttpServletRequest)
[2018-02-08 00:34:40] [INFO ] [org.springframework.boot.actuate.endpoint.mvc.EndpointHandlerMapping:543] -- Mapped "{[/actuator || /actuator.json],methods=[GET],produces=[application/vnd.spring-boot.actuator.v1+json || application/json]}" onto public org.springframework.hateoas.ResourceSupport org.springframework.boot.actuate.endpoint.mvc.HalJsonMvcEndpoint.links()
[2018-02-08 00:34:40] [INFO ] [org.springframework.boot.actuate.endpoint.mvc.EndpointHandlerMapping:543] -- Mapped "{[/metrics/{name:.*}],methods=[GET],produces=[application/vnd.spring-boot.actuator.v1+json || application/json]}" onto public java.lang.Object org.springframework.boot.actuate.endpoint.mvc.MetricsMvcEndpoint.value(java.lang.String)
[2018-02-08 00:34:40] [INFO ] [org.springframework.boot.actuate.endpoint.mvc.EndpointHandlerMapping:543] -- Mapped "{[/metrics || /metrics.json],methods=[GET],produces=[application/vnd.spring-boot.actuator.v1+json || application/json]}" onto public java.lang.Object org.springframework.boot.actuate.endpoint.mvc.EndpointMvcAdapter.invoke()
[2018-02-08 00:34:40] [INFO ] [org.springframework.boot.actuate.endpoint.mvc.EndpointHandlerMapping:543] -- Mapped "{[/dump || /dump.json],methods=[GET],produces=[application/vnd.spring-boot.actuator.v1+json || application/json]}" onto public java.lang.Object org.springframework.boot.actuate.endpoint.mvc.EndpointMvcAdapter.invoke()
[2018-02-08 00:34:40] [INFO ] [org.springframework.boot.actuate.endpoint.mvc.EndpointHandlerMapping:543] -- Mapped "{[/mappings || /mappings.json],methods=[GET],produces=[application/vnd.spring-boot.actuator.v1+json || application/json]}" onto public java.lang.Object org.springframework.boot.actuate.endpoint.mvc.EndpointMvcAdapter.invoke()
[2018-02-08 00:34:40] [INFO ] [org.springframework.boot.actuate.endpoint.mvc.EndpointHandlerMapping:543] -- Mapped "{[/auditevents || /auditevents.json],methods=[GET],produces=[application/vnd.spring-boot.actuator.v1+json || application/json]}" onto public org.springframework.http.ResponseEntity<?> org.springframework.boot.actuate.endpoint.mvc.AuditEventsMvcEndpoint.findByPrincipalAndAfterAndType(java.lang.String,java.util.Date,java.lang.String)
[2018-02-08 00:34:40] [INFO ] [org.springframework.boot.actuate.endpoint.mvc.EndpointHandlerMapping:543] -- Mapped "{[/features || /features.json],methods=[GET],produces=[application/vnd.spring-boot.actuator.v1+json || application/json]}" onto public java.lang.Object org.springframework.boot.actuate.endpoint.mvc.EndpointMvcAdapter.invoke()
[2018-02-08 00:34:40] [INFO ] [org.springframework.boot.actuate.endpoint.mvc.EndpointHandlerMapping:543] -- Mapped "{[/env],methods=[POST]}" onto public java.lang.Object org.springframework.cloud.context.environment.EnvironmentManagerMvcEndpoint.value(java.util.Map<java.lang.String, java.lang.String>)
[2018-02-08 00:34:40] [INFO ] [org.springframework.boot.actuate.endpoint.mvc.EndpointHandlerMapping:543] -- Mapped "{[/env/reset],methods=[POST]}" onto public java.util.Map<java.lang.String, java.lang.Object> org.springframework.cloud.context.environment.EnvironmentManagerMvcEndpoint.reset()
[2018-02-08 00:34:40] [INFO ] [org.springframework.boot.actuate.endpoint.mvc.EndpointHandlerMapping:543] -- Mapped "{[/heapdump || /heapdump.json],methods=[GET],produces=[application/octet-stream]}" onto public void org.springframework.boot.actuate.endpoint.mvc.HeapdumpMvcEndpoint.invoke(boolean,javax.servlet.http.HttpServletRequest,javax.servlet.http.HttpServletResponse) throws java.io.IOException,javax.servlet.ServletException
[2018-02-08 00:34:40] [INFO ] [org.springframework.boot.actuate.endpoint.mvc.EndpointHandlerMapping:543] -- Mapped "{[/loggers/{name:.*}],methods=[GET],produces=[application/vnd.spring-boot.actuator.v1+json || application/json]}" onto public java.lang.Object org.springframework.boot.actuate.endpoint.mvc.LoggersMvcEndpoint.get(java.lang.String)
[2018-02-08 00:34:40] [INFO ] [org.springframework.boot.actuate.endpoint.mvc.EndpointHandlerMapping:543] -- Mapped "{[/loggers/{name:.*}],methods=[POST],consumes=[application/vnd.spring-boot.actuator.v1+json || application/json],produces=[application/vnd.spring-boot.actuator.v1+json || application/json]}" onto public java.lang.Object org.springframework.boot.actuate.endpoint.mvc.LoggersMvcEndpoint.set(java.lang.String,java.util.Map<java.lang.String, java.lang.String>)
[2018-02-08 00:34:40] [INFO ] [org.springframework.boot.actuate.endpoint.mvc.EndpointHandlerMapping:543] -- Mapped "{[/loggers || /loggers.json],methods=[GET],produces=[application/vnd.spring-boot.actuator.v1+json || application/json]}" onto public java.lang.Object org.springframework.boot.actuate.endpoint.mvc.EndpointMvcAdapter.invoke()
[2018-02-08 00:34:40] [INFO ] [org.springframework.boot.actuate.endpoint.mvc.EndpointHandlerMapping:543] -- Mapped "{[/pause || /pause.json],methods=[POST]}" onto public java.lang.Object org.springframework.cloud.endpoint.GenericPostableMvcEndpoint.invoke()
[2018-02-08 00:34:40] [INFO ] [org.springframework.boot.actuate.endpoint.mvc.EndpointHandlerMapping:543] -- Mapped "{[/trace || /trace.json],methods=[GET],produces=[application/vnd.spring-boot.actuator.v1+json || application/json]}" onto public java.lang.Object org.springframework.boot.actuate.endpoint.mvc.EndpointMvcAdapter.invoke()
[2018-02-08 00:34:40] [INFO ] [org.springframework.boot.actuate.endpoint.mvc.EndpointHandlerMapping:543] -- Mapped "{[/env/{name:.*}],methods=[GET],produces=[application/vnd.spring-boot.actuator.v1+json || application/json]}" onto public java.lang.Object org.springframework.boot.actuate.endpoint.mvc.EnvironmentMvcEndpoint.value(java.lang.String)
[2018-02-08 00:34:40] [INFO ] [org.springframework.boot.actuate.endpoint.mvc.EndpointHandlerMapping:543] -- Mapped "{[/env || /env.json],methods=[GET],produces=[application/vnd.spring-boot.actuator.v1+json || application/json]}" onto public java.lang.Object org.springframework.boot.actuate.endpoint.mvc.EndpointMvcAdapter.invoke()
[2018-02-08 00:34:40] [INFO ] [org.springframework.boot.actuate.endpoint.mvc.EndpointHandlerMapping:543] -- Mapped "{[/refresh || /refresh.json],methods=[POST]}" onto public java.lang.Object org.springframework.cloud.endpoint.GenericPostableMvcEndpoint.invoke()
[2018-02-08 00:34:40] [INFO ] [org.springframework.boot.actuate.endpoint.mvc.EndpointHandlerMapping:543] -- Mapped "{[/restart || /restart.json],methods=[POST]}" onto public java.lang.Object org.springframework.cloud.context.restart.RestartMvcEndpoint.invoke()
[2018-02-08 00:34:40] [INFO ] [org.springframework.boot.actuate.endpoint.mvc.EndpointHandlerMapping:543] -- Mapped "{[/info || /info.json],methods=[GET],produces=[application/vnd.spring-boot.actuator.v1+json || application/json]}" onto public java.lang.Object org.springframework.boot.actuate.endpoint.mvc.EndpointMvcAdapter.invoke()
[2018-02-08 00:34:40] [INFO ] [org.springframework.boot.actuate.endpoint.mvc.EndpointHandlerMapping:543] -- Mapped "{[/beans || /beans.json],methods=[GET],produces=[application/vnd.spring-boot.actuator.v1+json || application/json]}" onto public java.lang.Object org.springframework.boot.actuate.endpoint.mvc.EndpointMvcAdapter.invoke()
[2018-02-08 00:34:40] [INFO ] [org.springframework.boot.actuate.endpoint.mvc.EndpointHandlerMapping:543] -- Mapped "{[/channels || /channels.json],methods=[GET],produces=[application/vnd.spring-boot.actuator.v1+json || application/json]}" onto public java.lang.Object org.springframework.boot.actuate.endpoint.mvc.EndpointMvcAdapter.invoke()
[2018-02-08 00:34:40] [INFO ] [org.springframework.scheduling.concurrent.ThreadPoolTaskScheduler:165] -- Initializing ExecutorService 
[2018-02-08 00:34:41] [INFO ] [org.springframework.integration.codec.kryo.CompositeKryoRegistrar:74] -- configured Kryo registration [40, java.io.File] with serializer org.springframework.integration.codec.kryo.FileSerializer
[2018-02-08 00:34:41] [INFO ] [org.springframework.jmx.export.annotation.AnnotationMBeanExporter:431] -- Registering beans for JMX exposure on startup
[2018-02-08 00:34:41] [INFO ] [org.springframework.jmx.export.annotation.AnnotationMBeanExporter:916] -- Bean with name 'rabbitConnectionFactory' has been autodetected for JMX exposure
[2018-02-08 00:34:41] [INFO ] [org.springframework.jmx.export.annotation.AnnotationMBeanExporter:916] -- Bean with name 'integrationMbeanExporter' has been autodetected for JMX exposure
[2018-02-08 00:34:41] [INFO ] [org.springframework.jmx.export.annotation.AnnotationMBeanExporter:916] -- Bean with name 'configurationPropertiesRebinder' has been autodetected for JMX exposure
[2018-02-08 00:34:41] [INFO ] [org.springframework.jmx.export.annotation.AnnotationMBeanExporter:916] -- Bean with name 'refreshEndpoint' has been autodetected for JMX exposure
[2018-02-08 00:34:41] [INFO ] [org.springframework.jmx.export.annotation.AnnotationMBeanExporter:916] -- Bean with name 'restartEndpoint' has been autodetected for JMX exposure
[2018-02-08 00:34:41] [INFO ] [org.springframework.jmx.export.annotation.AnnotationMBeanExporter:916] -- Bean with name 'environmentManager' has been autodetected for JMX exposure
[2018-02-08 00:34:41] [INFO ] [org.springframework.jmx.export.annotation.AnnotationMBeanExporter:916] -- Bean with name 'refreshScope' has been autodetected for JMX exposure
[2018-02-08 00:34:41] [INFO ] [org.springframework.jmx.export.annotation.AnnotationMBeanExporter:678] -- Located managed bean 'environmentManager': registering with JMX server as MBean [org.springframework.cloud.context.environment:name=environmentManager,type=EnvironmentManager]
[2018-02-08 00:34:41] [INFO ] [org.springframework.jmx.export.annotation.AnnotationMBeanExporter:678] -- Located managed bean 'restartEndpoint': registering with JMX server as MBean [org.springframework.cloud.context.restart:name=restartEndpoint,type=RestartEndpoint]
[2018-02-08 00:34:41] [INFO ] [org.springframework.jmx.export.annotation.AnnotationMBeanExporter:678] -- Located managed bean 'refreshScope': registering with JMX server as MBean [org.springframework.cloud.context.scope.refresh:name=refreshScope,type=RefreshScope]
[2018-02-08 00:34:41] [INFO ] [org.springframework.jmx.export.annotation.AnnotationMBeanExporter:678] -- Located managed bean 'integrationMbeanExporter': registering with JMX server as MBean [org.springframework.integration.monitor:name=integrationMbeanExporter,type=IntegrationMBeanExporter]
[2018-02-08 00:34:41] [INFO ] [org.springframework.jmx.export.annotation.AnnotationMBeanExporter:678] -- Located managed bean 'configurationPropertiesRebinder': registering with JMX server as MBean [org.springframework.cloud.context.properties:name=configurationPropertiesRebinder,context=d1a10ac,type=ConfigurationPropertiesRebinder]
[2018-02-08 00:34:41] [INFO ] [org.springframework.jmx.export.annotation.AnnotationMBeanExporter:678] -- Located managed bean 'rabbitConnectionFactory': registering with JMX server as MBean [org.springframework.amqp.rabbit.connection:name=rabbitConnectionFactory,type=CachingConnectionFactory]
[2018-02-08 00:34:41] [INFO ] [org.springframework.jmx.export.annotation.AnnotationMBeanExporter:678] -- Located managed bean 'refreshEndpoint': registering with JMX server as MBean [org.springframework.cloud.endpoint:name=refreshEndpoint,type=RefreshEndpoint]
[2018-02-08 00:34:41] [INFO ] [org.springframework.integration.monitor.IntegrationMBeanExporter:431] -- Registering beans for JMX exposure on startup
[2018-02-08 00:34:41] [INFO ] [org.springframework.integration.monitor.IntegrationMBeanExporter:647] -- Registering MessageChannel sleuth
[2018-02-08 00:34:41] [INFO ] [org.springframework.integration.monitor.IntegrationMBeanExporter:678] -- Located managed bean 'org.springframework.integration:type=MessageChannel,name=sleuth': registering with JMX server as MBean [org.springframework.integration:type=MessageChannel,name=sleuth]
[2018-02-08 00:34:41] [INFO ] [org.springframework.integration.monitor.IntegrationMBeanExporter:647] -- Registering MessageChannel nullChannel
[2018-02-08 00:34:41] [INFO ] [org.springframework.integration.monitor.IntegrationMBeanExporter:678] -- Located managed bean 'org.springframework.integration:type=MessageChannel,name=nullChannel': registering with JMX server as MBean [org.springframework.integration:type=MessageChannel,name=nullChannel]
[2018-02-08 00:34:41] [INFO ] [org.springframework.integration.monitor.IntegrationMBeanExporter:647] -- Registering MessageChannel errorChannel
[2018-02-08 00:34:41] [INFO ] [org.springframework.integration.monitor.IntegrationMBeanExporter:678] -- Located managed bean 'org.springframework.integration:type=MessageChannel,name=errorChannel': registering with JMX server as MBean [org.springframework.integration:type=MessageChannel,name=errorChannel]
[2018-02-08 00:34:41] [INFO ] [org.springframework.integration.monitor.IntegrationMBeanExporter:664] -- Registering MessageHandler errorLogger
[2018-02-08 00:34:41] [INFO ] [org.springframework.integration.monitor.IntegrationMBeanExporter:678] -- Located managed bean 'org.springframework.integration:type=MessageHandler,name=errorLogger,bean=internal': registering with JMX server as MBean [org.springframework.integration:type=MessageHandler,name=errorLogger,bean=internal]
[2018-02-08 00:34:41] [INFO ] [org.springframework.integration.monitor.IntegrationMBeanExporter:681] -- Registering MessageSource sleuthStreamSpanReporter.poll.inboundChannelAdapter
[2018-02-08 00:34:41] [INFO ] [org.springframework.integration.monitor.IntegrationMBeanExporter:678] -- Located managed bean 'org.springframework.integration:type=MessageSource,name=sleuthStreamSpanReporter.poll.inboundChannelAdapter,bean=endpoint': registering with JMX server as MBean [org.springframework.integration:type=MessageSource,name=sleuthStreamSpanReporter.poll.inboundChannelAdapter,bean=endpoint]
[2018-02-08 00:34:41] [INFO ] [org.springframework.boot.actuate.endpoint.jmx.EndpointMBeanExporter:431] -- Registering beans for JMX exposure on startup
[2018-02-08 00:34:41] [INFO ] [org.springframework.context.support.DefaultLifecycleProcessor:343] -- Starting beans in phase -2147482648
[2018-02-08 00:34:41] [INFO ] [com.cjzf.Zipkin:597] -- The following profiles are active: dev
[2018-02-08 00:34:41] [INFO ] [org.springframework.context.annotation.AnnotationConfigApplicationContext:583] -- Refreshing org.springframework.context.annotation.AnnotationConfigApplicationContext@591ba330: startup date [Thu Feb 08 00:34:41 CST 2018]; parent: org.springframework.boot.context.embedded.AnnotationConfigEmbeddedWebApplicationContext@d1a10ac
[2018-02-08 00:34:41] [INFO ] [org.springframework.context.support.GenericApplicationContext:583] -- Refreshing org.springframework.context.support.GenericApplicationContext@391e2a: startup date [Thu Feb 08 00:34:41 CST 2018]; root of context hierarchy
[2018-02-08 00:34:41] [INFO ] [com.cjzf.Zipkin:57] -- Started Zipkin in 0.19 seconds (JVM running for 9.478)
[2018-02-08 00:34:42] [INFO ] [org.springframework.amqp.rabbit.connection.CachingConnectionFactory:360] -- Created new connection: rabbitConnectionFactory#56d3af4d:0/SimpleConnection@311453ab [delegate=amqp://guest@127.0.0.1:5672/, localPort= 58398]
[2018-02-08 00:34:42] [INFO ] [org.springframework.integration.channel.DirectChannel:81] -- Channel 'cjzf-zipkin-server:dev:8018.sleuth' has 1 subscriber(s).
[2018-02-08 00:34:42] [INFO ] [org.springframework.context.support.DefaultLifecycleProcessor:343] -- Starting beans in phase 0
[2018-02-08 00:34:42] [INFO ] [org.springframework.boot.actuate.endpoint.jmx.EndpointMBeanExporter:678] -- Located managed bean 'auditEventsEndpoint': registering with JMX server as MBean [org.springframework.boot:type=Endpoint,name=auditEventsEndpoint]
[2018-02-08 00:34:42] [INFO ] [org.springframework.boot.actuate.endpoint.jmx.EndpointMBeanExporter:678] -- Located managed bean 'featuresEndpoint': registering with JMX server as MBean [org.springframework.boot:type=Endpoint,name=featuresEndpoint]
[2018-02-08 00:34:42] [INFO ] [org.springframework.boot.actuate.endpoint.jmx.EndpointMBeanExporter:678] -- Located managed bean 'requestMappingEndpoint': registering with JMX server as MBean [org.springframework.boot:type=Endpoint,name=requestMappingEndpoint]
[2018-02-08 00:34:42] [INFO ] [org.springframework.boot.actuate.endpoint.jmx.EndpointMBeanExporter:678] -- Located managed bean 'environmentEndpoint': registering with JMX server as MBean [org.springframework.boot:type=Endpoint,name=environmentEndpoint]
[2018-02-08 00:34:42] [INFO ] [org.springframework.boot.actuate.endpoint.jmx.EndpointMBeanExporter:678] -- Located managed bean 'healthEndpoint': registering with JMX server as MBean [org.springframework.boot:type=Endpoint,name=healthEndpoint]
[2018-02-08 00:34:42] [INFO ] [org.springframework.boot.actuate.endpoint.jmx.EndpointMBeanExporter:678] -- Located managed bean 'beansEndpoint': registering with JMX server as MBean [org.springframework.boot:type=Endpoint,name=beansEndpoint]
[2018-02-08 00:34:42] [INFO ] [org.springframework.boot.actuate.endpoint.jmx.EndpointMBeanExporter:678] -- Located managed bean 'infoEndpoint': registering with JMX server as MBean [org.springframework.boot:type=Endpoint,name=infoEndpoint]
[2018-02-08 00:34:42] [INFO ] [org.springframework.boot.actuate.endpoint.jmx.EndpointMBeanExporter:678] -- Located managed bean 'loggersEndpoint': registering with JMX server as MBean [org.springframework.boot:type=Endpoint,name=loggersEndpoint]
[2018-02-08 00:34:42] [INFO ] [org.springframework.boot.actuate.endpoint.jmx.EndpointMBeanExporter:678] -- Located managed bean 'metricsEndpoint': registering with JMX server as MBean [org.springframework.boot:type=Endpoint,name=metricsEndpoint]
[2018-02-08 00:34:42] [INFO ] [org.springframework.boot.actuate.endpoint.jmx.EndpointMBeanExporter:678] -- Located managed bean 'traceEndpoint': registering with JMX server as MBean [org.springframework.boot:type=Endpoint,name=traceEndpoint]
[2018-02-08 00:34:42] [INFO ] [org.springframework.boot.actuate.endpoint.jmx.EndpointMBeanExporter:678] -- Located managed bean 'dumpEndpoint': registering with JMX server as MBean [org.springframework.boot:type=Endpoint,name=dumpEndpoint]
[2018-02-08 00:34:42] [INFO ] [org.springframework.boot.actuate.endpoint.jmx.EndpointMBeanExporter:678] -- Located managed bean 'autoConfigurationReportEndpoint': registering with JMX server as MBean [org.springframework.boot:type=Endpoint,name=autoConfigurationReportEndpoint]
[2018-02-08 00:34:42] [INFO ] [org.springframework.boot.actuate.endpoint.jmx.EndpointMBeanExporter:678] -- Located managed bean 'configurationPropertiesReportEndpoint': registering with JMX server as MBean [org.springframework.boot:type=Endpoint,name=configurationPropertiesReportEndpoint]
[2018-02-08 00:34:42] [INFO ] [org.springframework.boot.actuate.endpoint.jmx.EndpointMBeanExporter:678] -- Located managed bean 'channelsEndpoint': registering with JMX server as MBean [org.springframework.boot:type=Endpoint,name=channelsEndpoint]
[2018-02-08 00:34:42] [INFO ] [org.springframework.integration.endpoint.EventDrivenConsumer:108] -- Adding {logging-channel-adapter:_org.springframework.integration.errorLogger} as a subscriber to the 'errorChannel' channel
[2018-02-08 00:34:42] [INFO ] [org.springframework.integration.channel.PublishSubscribeChannel:81] -- Channel 'cjzf-zipkin-server:dev:8018.errorChannel' has 1 subscriber(s).
[2018-02-08 00:34:42] [INFO ] [org.springframework.integration.endpoint.EventDrivenConsumer:120] -- started _org.springframework.integration.errorLogger
[2018-02-08 00:34:42] [INFO ] [org.springframework.integration.endpoint.SourcePollingChannelAdapter:120] -- started sleuthStreamSpanReporter.poll.inboundChannelAdapter
[2018-02-08 00:34:42] [INFO ] [org.springframework.context.support.DefaultLifecycleProcessor:343] -- Starting beans in phase 2147482647
[2018-02-08 00:34:42] [INFO ] [org.springframework.context.support.DefaultLifecycleProcessor:343] -- Starting beans in phase 2147483647
[2018-02-08 00:34:42] [INFO ] [org.springframework.boot.context.embedded.undertow.UndertowEmbeddedServletContainer:160] -- Undertow started on port(s) 8018 (http)
[2018-02-08 00:34:42] [INFO ] [com.cjzf.Zipkin:57] -- Started Zipkin in 8.951 seconds (JVM running for 9.749)
[2018-02-08 00:34:42] [INFO ] [com.cjzf.Zipkin:26] -- end execute Zipkin....

[2018-02-08 00:35:50] [INFO ] [io.undertow.servlet:360] -- Initializing Spring FrameworkServlet 'dispatcherServlet'
[2018-02-08 00:35:50] [INFO ] [org.springframework.web.servlet.DispatcherServlet:489] -- FrameworkServlet 'dispatcherServlet': initialization started
[2018-02-08 00:35:50] [INFO ] [org.springframework.web.servlet.DispatcherServlet:508] -- FrameworkServlet 'dispatcherServlet': initialization completed in 39 ms
[2018-02-08 00:35:54] [INFO ] [org.springframework.integration.codec.kryo.CompositeKryoRegistrar:62] -- registering [40, java.io.File] with serializer org.springframework.integration.codec.kryo.FileSerializer
[2018-02-08 01:22:19] [INFO ] [org.springframework.boot.context.embedded.AnnotationConfigEmbeddedWebApplicationContext:984] -- Closing org.springframework.boot.context.embedded.AnnotationConfigEmbeddedWebApplicationContext@d1a10ac: startup date [Thu Feb 08 00:34:34 CST 2018]; parent: org.springframework.context.annotation.AnnotationConfigApplicationContext@32c8e539
[2018-02-08 01:22:19] [INFO ] [org.springframework.context.annotation.AnnotationConfigApplicationContext:984] -- Closing org.springframework.context.annotation.AnnotationConfigApplicationContext@591ba330: startup date [Thu Feb 08 00:34:41 CST 2018]; parent: org.springframework.boot.context.embedded.AnnotationConfigEmbeddedWebApplicationContext@d1a10ac
[2018-02-08 01:22:19] [INFO ] [org.springframework.context.support.DefaultLifecycleProcessor:358] -- Stopping beans in phase 2147483647
[2018-02-08 01:22:19] [INFO ] [org.springframework.context.support.DefaultLifecycleProcessor:358] -- Stopping beans in phase 2147482647
[2018-02-08 01:22:19] [INFO ] [org.springframework.context.support.DefaultLifecycleProcessor:358] -- Stopping beans in phase 0
[2018-02-08 01:22:19] [INFO ] [org.springframework.integration.endpoint.EventDrivenConsumer:108] -- Removing {logging-channel-adapter:_org.springframework.integration.errorLogger} as a subscriber to the 'errorChannel' channel
[2018-02-08 01:22:19] [INFO ] [org.springframework.integration.channel.PublishSubscribeChannel:81] -- Channel 'cjzf-zipkin-server:dev:8018.errorChannel' has 0 subscriber(s).
[2018-02-08 01:22:19] [INFO ] [org.springframework.integration.endpoint.EventDrivenConsumer:154] -- stopped _org.springframework.integration.errorLogger
[2018-02-08 01:22:19] [INFO ] [org.springframework.integration.endpoint.SourcePollingChannelAdapter:154] -- stopped sleuthStreamSpanReporter.poll.inboundChannelAdapter
[2018-02-08 01:22:19] [INFO ] [org.springframework.context.support.DefaultLifecycleProcessor:358] -- Stopping beans in phase -2147482648
[2018-02-08 01:22:19] [INFO ] [org.springframework.boot.actuate.endpoint.jmx.EndpointMBeanExporter:449] -- Unregistering JMX-exposed beans on shutdown
[2018-02-08 01:22:19] [INFO ] [org.springframework.boot.actuate.endpoint.jmx.EndpointMBeanExporter:241] -- Unregistering JMX-exposed beans
[2018-02-08 01:22:19] [INFO ] [org.springframework.scheduling.concurrent.ThreadPoolTaskScheduler:202] -- Shutting down ExecutorService 'taskScheduler'
[2018-02-08 01:22:19] [INFO ] [org.springframework.integration.monitor.IntegrationMBeanExporter:449] -- Unregistering JMX-exposed beans on shutdown
[2018-02-08 01:22:19] [INFO ] [org.springframework.integration.monitor.IntegrationMBeanExporter:241] -- Unregistering JMX-exposed beans
[2018-02-08 01:22:19] [INFO ] [org.springframework.integration.monitor.IntegrationMBeanExporter:375] -- Summary on shutdown: sleuth
[2018-02-08 01:22:19] [INFO ] [org.springframework.integration.monitor.IntegrationMBeanExporter:375] -- Summary on shutdown: nullChannel
[2018-02-08 01:22:19] [INFO ] [org.springframework.integration.monitor.IntegrationMBeanExporter:375] -- Summary on shutdown: errorChannel
[2018-02-08 01:22:19] [INFO ] [org.springframework.integration.monitor.IntegrationMBeanExporter:378] -- Summary on shutdown: _org.springframework.integration.errorLogger.handler
[2018-02-08 01:22:19] [INFO ] [org.springframework.integration.monitor.IntegrationMBeanExporter:381] -- Summary on shutdown: org.springframework.integration.endpoint.MethodInvokingMessageSource@1cfb7450
[2018-02-08 01:22:19] [INFO ] [org.springframework.jmx.export.annotation.AnnotationMBeanExporter:449] -- Unregistering JMX-exposed beans on shutdown
[2018-02-08 01:22:19] [INFO ] [org.springframework.jmx.export.annotation.AnnotationMBeanExporter:241] -- Unregistering JMX-exposed beans
[2018-02-08 01:22:19] [INFO ] [io.undertow.servlet:360] -- Destroying Spring FrameworkServlet 'dispatcherServlet'
