[2018-02-08 00:03:56] [INFO ] [org.springframework.context.annotation.AnnotationConfigApplicationContext:583] -- Refreshing org.springframework.context.annotation.AnnotationConfigApplicationContext@20a590f1: startup date [Thu Feb 08 00:03:56 CST 2018]; root of context hierarchy
[2018-02-08 00:03:56] [INFO ] [org.springframework.beans.factory.annotation.AutowiredAnnotationBeanPostProcessor:155] -- JSR-330 'javax.inject.Inject' annotation found and supported for autowiring
[2018-02-08 00:03:56] [INFO ] [org.springframework.context.annotation.AnnotationConfigApplicationContext:984] -- Closing org.springframework.context.annotation.AnnotationConfigApplicationContext@20a590f1: startup date [Thu Feb 08 00:03:56 CST 2018]; root of context hierarchy
[2018-02-08 00:08:57] [INFO ] [org.springframework.context.annotation.AnnotationConfigApplicationContext:583] -- Refreshing org.springframework.context.annotation.AnnotationConfigApplicationContext@4e18b51b: startup date [Thu Feb 08 00:08:57 CST 2018]; root of context hierarchy
[2018-02-08 00:08:57] [INFO ] [org.springframework.beans.factory.annotation.AutowiredAnnotationBeanPostProcessor:155] -- JSR-330 'javax.inject.Inject' annotation found and supported for autowiring
[2018-02-08 00:08:57] [INFO ] [org.springframework.context.annotation.AnnotationConfigApplicationContext:984] -- Closing org.springframework.context.annotation.AnnotationConfigApplicationContext@4e18b51b: startup date [Thu Feb 08 00:08:57 CST 2018]; root of context hierarchy
[2018-02-08 00:14:16] [INFO ] [org.springframework.context.annotation.AnnotationConfigApplicationContext:583] -- Refreshing org.springframework.context.annotation.AnnotationConfigApplicationContext@4235ca7e: startup date [Thu Feb 08 00:14:16 CST 2018]; root of context hierarchy
[2018-02-08 00:14:16] [INFO ] [org.springframework.beans.factory.annotation.AutowiredAnnotationBeanPostProcessor:155] -- JSR-330 'javax.inject.Inject' annotation found and supported for autowiring
[2018-02-08 00:14:16] [INFO ] [org.springframework.context.annotation.AnnotationConfigApplicationContext:984] -- Closing org.springframework.context.annotation.AnnotationConfigApplicationContext@4235ca7e: startup date [Thu Feb 08 00:14:16 CST 2018]; root of context hierarchy
[2018-02-08 00:19:16] [INFO ] [org.springframework.context.annotation.AnnotationConfigApplicationContext:583] -- Refreshing org.springframework.context.annotation.AnnotationConfigApplicationContext@5f7bd76c: startup date [Thu Feb 08 00:19:16 CST 2018]; root of context hierarchy
[2018-02-08 00:19:16] [INFO ] [org.springframework.beans.factory.annotation.AutowiredAnnotationBeanPostProcessor:155] -- JSR-330 'javax.inject.Inject' annotation found and supported for autowiring
[2018-02-08 00:19:16] [INFO ] [org.springframework.context.annotation.AnnotationConfigApplicationContext:984] -- Closing org.springframework.context.annotation.AnnotationConfigApplicationContext@5f7bd76c: startup date [Thu Feb 08 00:19:16 CST 2018]; root of context hierarchy
[2018-02-08 00:24:36] [INFO ] [org.springframework.context.annotation.AnnotationConfigApplicationContext:583] -- Refreshing org.springframework.context.annotation.AnnotationConfigApplicationContext@5cf44ec6: startup date [Thu Feb 08 00:24:36 CST 2018]; root of context hierarchy
[2018-02-08 00:24:36] [INFO ] [org.springframework.beans.factory.annotation.AutowiredAnnotationBeanPostProcessor:155] -- JSR-330 'javax.inject.Inject' annotation found and supported for autowiring
[2018-02-08 00:24:36] [INFO ] [org.springframework.context.annotation.AnnotationConfigApplicationContext:984] -- Closing org.springframework.context.annotation.AnnotationConfigApplicationContext@5cf44ec6: startup date [Thu Feb 08 00:24:36 CST 2018]; root of context hierarchy
[2018-02-08 00:29:56] [INFO ] [org.springframework.context.annotation.AnnotationConfigApplicationContext:583] -- Refreshing org.springframework.context.annotation.AnnotationConfigApplicationContext@4f7f9719: startup date [Thu Feb 08 00:29:56 CST 2018]; root of context hierarchy
[2018-02-08 00:29:56] [INFO ] [org.springframework.beans.factory.annotation.AutowiredAnnotationBeanPostProcessor:155] -- JSR-330 'javax.inject.Inject' annotation found and supported for autowiring
[2018-02-08 00:29:56] [INFO ] [org.springframework.context.annotation.AnnotationConfigApplicationContext:984] -- Closing org.springframework.context.annotation.AnnotationConfigApplicationContext@4f7f9719: startup date [Thu Feb 08 00:29:56 CST 2018]; root of context hierarchy
[2018-02-08 00:32:51] [INFO ] [org.springframework.boot.context.embedded.AnnotationConfigEmbeddedWebApplicationContext:984] -- Closing org.springframework.boot.context.embedded.AnnotationConfigEmbeddedWebApplicationContext@15a902e7: startup date [Wed Feb 07 22:09:51 CST 2018]; parent: org.springframework.context.annotation.AnnotationConfigApplicationContext@3d6f0054
[2018-02-08 00:32:51] [INFO ] [org.springframework.cloud.netflix.eureka.serviceregistry.EurekaServiceRegistry:64] -- Unregistering application cjzf-config-server with eureka with status DOWN
[2018-02-08 00:32:51] [INFO ] [org.springframework.context.annotation.AnnotationConfigApplicationContext:984] -- Closing org.springframework.context.annotation.AnnotationConfigApplicationContext@38093ffe: startup date [Wed Feb 07 22:10:00 CST 2018]; parent: org.springframework.boot.context.embedded.AnnotationConfigEmbeddedWebApplicationContext@15a902e7
[2018-02-08 00:32:51] [INFO ] [org.springframework.cloud.netflix.eureka.serviceregistry.EurekaServiceRegistry:64] -- Unregistering application cjzf-config-server with eureka with status DOWN
[2018-02-08 00:32:51] [INFO ] [org.springframework.context.support.DefaultLifecycleProcessor:358] -- Stopping beans in phase 2147483647
[2018-02-08 00:32:51] [INFO ] [org.springframework.context.support.DefaultLifecycleProcessor:358] -- Stopping beans in phase 2147482647
[2018-02-08 00:32:51] [INFO ] [org.springframework.amqp.rabbit.listener.SimpleMessageListenerContainer:908] -- Waiting for workers to finish.
[2018-02-08 00:32:52] [INFO ] [org.springframework.amqp.rabbit.listener.SimpleMessageListenerContainer:911] -- Successfully waited for workers to finish.
[2018-02-08 00:32:52] [INFO ] [org.springframework.integration.amqp.inbound.AmqpInboundChannelAdapter:137] -- stopped inbound.springCloudBus.anonymous.IcUv2jH2T9W_Sn3nN8hgdQ
[2018-02-08 00:32:52] [INFO ] [org.springframework.context.support.DefaultLifecycleProcessor:358] -- Stopping beans in phase 0
[2018-02-08 00:32:52] [INFO ] [org.springframework.integration.endpoint.EventDrivenConsumer:108] -- Removing {logging-channel-adapter:_org.springframework.integration.errorLogger} as a subscriber to the 'errorChannel' channel
[2018-02-08 00:32:52] [INFO ] [org.springframework.integration.channel.PublishSubscribeChannel:81] -- Channel 'cjzf-config-server:dev:-618270940454586502.errorChannel' has 0 subscriber(s).
[2018-02-08 00:32:52] [INFO ] [org.springframework.integration.endpoint.EventDrivenConsumer:154] -- stopped _org.springframework.integration.errorLogger
[2018-02-08 00:32:52] [INFO ] [org.springframework.context.support.DefaultLifecycleProcessor:358] -- Stopping beans in phase -2147482648
[2018-02-08 00:32:52] [INFO ] [org.springframework.boot.actuate.endpoint.jmx.EndpointMBeanExporter:449] -- Unregistering JMX-exposed beans on shutdown
[2018-02-08 00:32:52] [INFO ] [org.springframework.boot.actuate.endpoint.jmx.EndpointMBeanExporter:241] -- Unregistering JMX-exposed beans
[2018-02-08 00:32:52] [INFO ] [org.springframework.scheduling.concurrent.ThreadPoolTaskScheduler:202] -- Shutting down ExecutorService 'taskScheduler'
[2018-02-08 00:32:52] [INFO ] [org.springframework.integration.monitor.IntegrationMBeanExporter:449] -- Unregistering JMX-exposed beans on shutdown
[2018-02-08 00:32:52] [INFO ] [org.springframework.integration.monitor.IntegrationMBeanExporter:241] -- Unregistering JMX-exposed beans
[2018-02-08 00:32:52] [INFO ] [org.springframework.integration.monitor.IntegrationMBeanExporter:375] -- Summary on shutdown: springCloudBusOutput
[2018-02-08 00:32:52] [INFO ] [org.springframework.integration.monitor.IntegrationMBeanExporter:375] -- Summary on shutdown: nullChannel
[2018-02-08 00:32:52] [INFO ] [org.springframework.integration.monitor.IntegrationMBeanExporter:375] -- Summary on shutdown: springCloudBusInput
[2018-02-08 00:32:52] [INFO ] [org.springframework.integration.monitor.IntegrationMBeanExporter:375] -- Summary on shutdown: errorChannel
[2018-02-08 00:32:52] [INFO ] [org.springframework.integration.monitor.IntegrationMBeanExporter:378] -- Summary on shutdown: _org.springframework.integration.errorLogger.handler
[2018-02-08 00:32:52] [INFO ] [org.springframework.jmx.export.annotation.AnnotationMBeanExporter:449] -- Unregistering JMX-exposed beans on shutdown
[2018-02-08 00:32:52] [INFO ] [org.springframework.jmx.export.annotation.AnnotationMBeanExporter:241] -- Unregistering JMX-exposed beans
[2018-02-08 00:32:52] [INFO ] [io.undertow.servlet:360] -- Destroying Spring FrameworkServlet 'dispatcherServlet'
[2018-02-08 00:33:27] [INFO ] [com.cjzf.Config:597] -- The following profiles are active: dev
[2018-02-08 00:33:27] [INFO ] [org.springframework.boot.context.embedded.AnnotationConfigEmbeddedWebApplicationContext:583] -- Refreshing org.springframework.boot.context.embedded.AnnotationConfigEmbeddedWebApplicationContext@418c020b: startup date [Thu Feb 08 00:33:27 CST 2018]; parent: org.springframework.context.annotation.AnnotationConfigApplicationContext@4566d049
[2018-02-08 00:33:28] [INFO ] [org.springframework.integration.config.IntegrationRegistrar:330] -- No bean named 'integrationHeaderChannelRegistry' has been explicitly defined. Therefore, a default DefaultHeaderChannelRegistry will be created.
[2018-02-08 00:33:28] [INFO ] [org.springframework.beans.factory.support.DefaultListableBeanFactory:828] -- Overriding bean definition for bean 'managementServletContext' with a different definition: replacing [Root bean: class [null]; scope=; abstract=false; lazyInit=false; autowireMode=3; dependencyCheck=0; autowireCandidate=true; primary=false; factoryBeanName=org.springframework.boot.actuate.autoconfigure.EndpointWebMvcHypermediaManagementContextConfiguration; factoryMethodName=managementServletContext; initMethodName=null; destroyMethodName=(inferred); defined in class path resource [org/springframework/boot/actuate/autoconfigure/EndpointWebMvcHypermediaManagementContextConfiguration.class]] with [Root bean: class [null]; scope=; abstract=false; lazyInit=false; autowireMode=3; dependencyCheck=0; autowireCandidate=true; primary=false; factoryBeanName=org.springframework.boot.actuate.autoconfigure.EndpointWebMvcAutoConfiguration; factoryMethodName=managementServletContext; initMethodName=null; destroyMethodName=(inferred); defined in class path resource [org/springframework/boot/actuate/autoconfigure/EndpointWebMvcAutoConfiguration.class]]
[2018-02-08 00:33:28] [INFO ] [org.springframework.cloud.context.scope.GenericScope:263] -- BeanFactory id=924687ed-1032-3958-a620-f6c2da30a7ef
[2018-02-08 00:33:28] [INFO ] [org.springframework.integration.config.DefaultConfiguringBeanFactoryPostProcessor:130] -- No bean named 'errorChannel' has been explicitly defined. Therefore, a default PublishSubscribeChannel will be created.
[2018-02-08 00:33:28] [INFO ] [org.springframework.integration.config.DefaultConfiguringBeanFactoryPostProcessor:158] -- No bean named 'taskScheduler' has been explicitly defined. Therefore, a default ThreadPoolTaskScheduler will be created.
[2018-02-08 00:33:28] [INFO ] [org.springframework.beans.factory.annotation.AutowiredAnnotationBeanPostProcessor:155] -- JSR-330 'javax.inject.Inject' annotation found and supported for autowiring
[2018-02-08 00:33:28] [INFO ] [org.springframework.context.support.PostProcessorRegistrationDelegate$BeanPostProcessorChecker:327] -- Bean 'org.springframework.amqp.rabbit.annotation.RabbitBootstrapConfiguration' of type [org.springframework.amqp.rabbit.annotation.RabbitBootstrapConfiguration$$EnhancerBySpringCGLIB$$1f6bebd0] is not eligible for getting processed by all BeanPostProcessors (for example: not eligible for auto-proxying)
[2018-02-08 00:33:28] [INFO ] [org.springframework.context.support.PostProcessorRegistrationDelegate$BeanPostProcessorChecker:327] -- Bean 'org.springframework.cloud.netflix.metrics.MetricsInterceptorConfiguration$MetricsRestTemplateConfiguration' of type [org.springframework.cloud.netflix.metrics.MetricsInterceptorConfiguration$MetricsRestTemplateConfiguration$$EnhancerBySpringCGLIB$$8b2cd3e3] is not eligible for getting processed by all BeanPostProcessors (for example: not eligible for auto-proxying)
[2018-02-08 00:33:28] [INFO ] [org.springframework.context.support.PostProcessorRegistrationDelegate$BeanPostProcessorChecker:327] -- Bean 'integrationGlobalProperties' of type [org.springframework.beans.factory.config.PropertiesFactoryBean] is not eligible for getting processed by all BeanPostProcessors (for example: not eligible for auto-proxying)
[2018-02-08 00:33:28] [INFO ] [org.springframework.context.support.PostProcessorRegistrationDelegate$BeanPostProcessorChecker:327] -- Bean 'integrationGlobalProperties' of type [java.util.Properties] is not eligible for getting processed by all BeanPostProcessors (for example: not eligible for auto-proxying)
[2018-02-08 00:33:28] [INFO ] [org.springframework.context.support.PostProcessorRegistrationDelegate$BeanPostProcessorChecker:327] -- Bean 'org.springframework.cloud.autoconfigure.ConfigurationPropertiesRebinderAutoConfiguration' of type [org.springframework.cloud.autoconfigure.ConfigurationPropertiesRebinderAutoConfiguration$$EnhancerBySpringCGLIB$$751a309f] is not eligible for getting processed by all BeanPostProcessors (for example: not eligible for auto-proxying)
[2018-02-08 00:33:28] [INFO ] [org.springframework.context.support.PostProcessorRegistrationDelegate$BeanPostProcessorChecker:327] -- Bean 'org.springframework.cloud.stream.config.BindingServiceConfiguration$PostProcessorConfiguration' of type [org.springframework.cloud.stream.config.BindingServiceConfiguration$PostProcessorConfiguration$$EnhancerBySpringCGLIB$$1ac7cba7] is not eligible for getting processed by all BeanPostProcessors (for example: not eligible for auto-proxying)
[2018-02-08 00:33:29] [INFO ] [org.xnio:104] -- XNIO version 3.3.8.Final
[2018-02-08 00:33:29] [INFO ] [org.xnio.nio:55] -- XNIO NIO Implementation Version 3.3.8.Final
[2018-02-08 00:33:29] [WARN ] [io.undertow.websockets.jsr:67] -- UT026009: XNIO worker was not set on WebSocketDeploymentInfo, the default worker will be used
[2018-02-08 00:33:29] [WARN ] [io.undertow.websockets.jsr:76] -- UT026010: Buffer pool was not set on WebSocketDeploymentInfo, the default pool will be used
[2018-02-08 00:33:29] [INFO ] [io.undertow.servlet:360] -- Initializing Spring embedded WebApplicationContext
[2018-02-08 00:33:29] [INFO ] [org.springframework.web.context.ContextLoader:276] -- Root WebApplicationContext: initialization completed in 1742 ms
[2018-02-08 00:33:29] [INFO ] [org.springframework.boot.web.servlet.ServletRegistrationBean:190] -- Mapping servlet: 'dispatcherServlet' to [/]
[2018-02-08 00:33:29] [INFO ] [org.springframework.boot.web.servlet.FilterRegistrationBean:258] -- Mapping filter: 'metricsFilter' to: [/*]
[2018-02-08 00:33:29] [INFO ] [org.springframework.boot.web.servlet.FilterRegistrationBean:258] -- Mapping filter: 'characterEncodingFilter' to: [/*]
[2018-02-08 00:33:29] [INFO ] [org.springframework.boot.web.servlet.FilterRegistrationBean:258] -- Mapping filter: 'hiddenHttpMethodFilter' to: [/*]
[2018-02-08 00:33:29] [INFO ] [org.springframework.boot.web.servlet.FilterRegistrationBean:258] -- Mapping filter: 'httpPutFormContentFilter' to: [/*]
[2018-02-08 00:33:29] [INFO ] [org.springframework.boot.web.servlet.FilterRegistrationBean:258] -- Mapping filter: 'requestContextFilter' to: [/*]
[2018-02-08 00:33:29] [INFO ] [org.springframework.boot.web.servlet.FilterRegistrationBean:258] -- Mapping filter: 'webRequestLoggingFilter' to: [/*]
[2018-02-08 00:33:29] [INFO ] [org.springframework.boot.web.servlet.FilterRegistrationBean:258] -- Mapping filter: 'applicationContextIdFilter' to: [/*]
[2018-02-08 00:33:30] [WARN ] [com.netflix.config.sources.URLConfigurationSource:121] -- No URLs will be polled as dynamic configuration sources.
[2018-02-08 00:33:30] [WARN ] [com.netflix.config.sources.URLConfigurationSource:121] -- No URLs will be polled as dynamic configuration sources.
[2018-02-08 00:33:30] [INFO ] [io.undertow.servlet:360] -- jolokia: No access restrictor found, access to any MBean is allowed
[2018-02-08 00:33:30] [INFO ] [org.springframework.web.servlet.mvc.method.annotation.RequestMappingHandlerAdapter:534] -- Looking for @ControllerAdvice: org.springframework.boot.context.embedded.AnnotationConfigEmbeddedWebApplicationContext@418c020b: startup date [Thu Feb 08 00:33:27 CST 2018]; parent: org.springframework.context.annotation.AnnotationConfigApplicationContext@4566d049
[2018-02-08 00:33:30] [INFO ] [org.springframework.web.servlet.mvc.method.annotation.RequestMappingHandlerAdapter:566] -- Detected ResponseBodyAdvice bean in org.springframework.boot.actuate.autoconfigure.EndpointWebMvcHypermediaManagementContextConfiguration$ActuatorEndpointLinksAdvice
[2018-02-08 00:33:30] [INFO ] [org.springframework.web.servlet.mvc.method.annotation.RequestMappingHandlerMapping:543] -- Mapped "{[/error],produces=[text/html]}" onto public org.springframework.web.servlet.ModelAndView org.springframework.boot.autoconfigure.web.BasicErrorController.errorHtml(javax.servlet.http.HttpServletRequest,javax.servlet.http.HttpServletResponse)
[2018-02-08 00:33:30] [INFO ] [org.springframework.web.servlet.mvc.method.annotation.RequestMappingHandlerMapping:543] -- Mapped "{[/error]}" onto public org.springframework.http.ResponseEntity<java.util.Map<java.lang.String, java.lang.Object>> org.springframework.boot.autoconfigure.web.BasicErrorController.error(javax.servlet.http.HttpServletRequest)
[2018-02-08 00:33:30] [INFO ] [org.springframework.web.servlet.mvc.method.annotation.RequestMappingHandlerMapping:543] -- Mapped "{[/encrypt],methods=[POST]}" onto public java.lang.String org.springframework.cloud.config.server.encryption.EncryptionController.encrypt(java.lang.String,org.springframework.http.MediaType)
[2018-02-08 00:33:30] [INFO ] [org.springframework.web.servlet.mvc.method.annotation.RequestMappingHandlerMapping:543] -- Mapped "{[/encrypt/{name}/{profiles}],methods=[POST]}" onto public java.lang.String org.springframework.cloud.config.server.encryption.EncryptionController.encrypt(java.lang.String,java.lang.String,java.lang.String,org.springframework.http.MediaType)
[2018-02-08 00:33:30] [INFO ] [org.springframework.web.servlet.mvc.method.annotation.RequestMappingHandlerMapping:543] -- Mapped "{[/decrypt/{name}/{profiles}],methods=[POST]}" onto public java.lang.String org.springframework.cloud.config.server.encryption.EncryptionController.decrypt(java.lang.String,java.lang.String,java.lang.String,org.springframework.http.MediaType)
[2018-02-08 00:33:30] [INFO ] [org.springframework.web.servlet.mvc.method.annotation.RequestMappingHandlerMapping:543] -- Mapped "{[/decrypt],methods=[POST]}" onto public java.lang.String org.springframework.cloud.config.server.encryption.EncryptionController.decrypt(java.lang.String,org.springframework.http.MediaType)
[2018-02-08 00:33:30] [INFO ] [org.springframework.web.servlet.mvc.method.annotation.RequestMappingHandlerMapping:543] -- Mapped "{[/encrypt/status],methods=[GET]}" onto public java.util.Map<java.lang.String, java.lang.Object> org.springframework.cloud.config.server.encryption.EncryptionController.status()
[2018-02-08 00:33:30] [INFO ] [org.springframework.web.servlet.mvc.method.annotation.RequestMappingHandlerMapping:543] -- Mapped "{[/key],methods=[GET]}" onto public java.lang.String org.springframework.cloud.config.server.encryption.EncryptionController.getPublicKey()
[2018-02-08 00:33:30] [INFO ] [org.springframework.web.servlet.mvc.method.annotation.RequestMappingHandlerMapping:543] -- Mapped "{[/key/{name}/{profiles}],methods=[GET]}" onto public java.lang.String org.springframework.cloud.config.server.encryption.EncryptionController.getPublicKey(java.lang.String,java.lang.String)
[2018-02-08 00:33:30] [INFO ] [org.springframework.web.servlet.mvc.method.annotation.RequestMappingHandlerMapping:543] -- Mapped "{[/{name}-{profiles}.yml || /{name}-{profiles}.yaml],methods=[GET]}" onto public org.springframework.http.ResponseEntity<java.lang.String> org.springframework.cloud.config.server.environment.EnvironmentController.yaml(java.lang.String,java.lang.String,boolean) throws java.lang.Exception
[2018-02-08 00:33:30] [INFO ] [org.springframework.web.servlet.mvc.method.annotation.RequestMappingHandlerMapping:543] -- Mapped "{[/{name}-{profiles}.properties],methods=[GET]}" onto public org.springframework.http.ResponseEntity<java.lang.String> org.springframework.cloud.config.server.environment.EnvironmentController.properties(java.lang.String,java.lang.String,boolean) throws java.io.IOException
[2018-02-08 00:33:30] [INFO ] [org.springframework.web.servlet.mvc.method.annotation.RequestMappingHandlerMapping:543] -- Mapped "{[/{name}/{profiles:.*[^-].*}],methods=[GET]}" onto public org.springframework.cloud.config.environment.Environment org.springframework.cloud.config.server.environment.EnvironmentController.defaultLabel(java.lang.String,java.lang.String)
[2018-02-08 00:33:30] [INFO ] [org.springframework.web.servlet.mvc.method.annotation.RequestMappingHandlerMapping:543] -- Mapped "{[/{name}/{profiles}/{label:.*}],methods=[GET]}" onto public org.springframework.cloud.config.environment.Environment org.springframework.cloud.config.server.environment.EnvironmentController.labelled(java.lang.String,java.lang.String,java.lang.String)
[2018-02-08 00:33:30] [INFO ] [org.springframework.web.servlet.mvc.method.annotation.RequestMappingHandlerMapping:543] -- Mapped "{[/{label}/{name}-{profiles}.properties],methods=[GET]}" onto public org.springframework.http.ResponseEntity<java.lang.String> org.springframework.cloud.config.server.environment.EnvironmentController.labelledProperties(java.lang.String,java.lang.String,java.lang.String,boolean) throws java.io.IOException
[2018-02-08 00:33:30] [INFO ] [org.springframework.web.servlet.mvc.method.annotation.RequestMappingHandlerMapping:543] -- Mapped "{[/{name}-{profiles}.json],methods=[GET]}" onto public org.springframework.http.ResponseEntity<java.lang.String> org.springframework.cloud.config.server.environment.EnvironmentController.jsonProperties(java.lang.String,java.lang.String,boolean) throws java.lang.Exception
[2018-02-08 00:33:30] [INFO ] [org.springframework.web.servlet.mvc.method.annotation.RequestMappingHandlerMapping:543] -- Mapped "{[/{label}/{name}-{profiles}.json],methods=[GET]}" onto public org.springframework.http.ResponseEntity<java.lang.String> org.springframework.cloud.config.server.environment.EnvironmentController.labelledJsonProperties(java.lang.String,java.lang.String,java.lang.String,boolean) throws java.lang.Exception
[2018-02-08 00:33:30] [INFO ] [org.springframework.web.servlet.mvc.method.annotation.RequestMappingHandlerMapping:543] -- Mapped "{[/{label}/{name}-{profiles}.yml || /{label}/{name}-{profiles}.yaml],methods=[GET]}" onto public org.springframework.http.ResponseEntity<java.lang.String> org.springframework.cloud.config.server.environment.EnvironmentController.labelledYaml(java.lang.String,java.lang.String,java.lang.String,boolean) throws java.lang.Exception
[2018-02-08 00:33:30] [INFO ] [org.springframework.web.servlet.mvc.method.annotation.RequestMappingHandlerMapping:543] -- Mapped "{[/{name}/{profile}/{label}/**],methods=[GET]}" onto public java.lang.String org.springframework.cloud.config.server.resource.ResourceController.retrieve(java.lang.String,java.lang.String,java.lang.String,javax.servlet.http.HttpServletRequest,boolean) throws java.io.IOException
[2018-02-08 00:33:30] [INFO ] [org.springframework.web.servlet.mvc.method.annotation.RequestMappingHandlerMapping:543] -- Mapped "{[/{name}/{profile}/{label}/**],methods=[GET],produces=[application/octet-stream]}" onto public synchronized byte[] org.springframework.cloud.config.server.resource.ResourceController.binary(java.lang.String,java.lang.String,java.lang.String,javax.servlet.http.HttpServletRequest) throws java.io.IOException
[2018-02-08 00:33:30] [INFO ] [org.springframework.web.servlet.handler.SimpleUrlHandlerMapping:362] -- Mapped URL path [/webjars/**] onto handler of type [class org.springframework.web.servlet.resource.ResourceHttpRequestHandler]
[2018-02-08 00:33:30] [INFO ] [org.springframework.web.servlet.handler.SimpleUrlHandlerMapping:362] -- Mapped URL path [/**] onto handler of type [class org.springframework.web.servlet.resource.ResourceHttpRequestHandler]
[2018-02-08 00:33:30] [INFO ] [org.springframework.web.servlet.handler.SimpleUrlHandlerMapping:362] -- Mapped URL path [/docs/**] onto handler of type [class org.springframework.web.servlet.resource.ResourceHttpRequestHandler]
[2018-02-08 00:33:30] [INFO ] [org.springframework.web.servlet.handler.SimpleUrlHandlerMapping:362] -- Mapped URL path [/actuator/] onto handler of type [class org.springframework.web.servlet.resource.ResourceHttpRequestHandler]
[2018-02-08 00:33:30] [INFO ] [org.springframework.web.servlet.handler.SimpleUrlHandlerMapping:362] -- Mapped URL path [/actuator/**] onto handler of type [class org.springframework.web.servlet.resource.ResourceHttpRequestHandler]
[2018-02-08 00:33:31] [INFO ] [org.springframework.web.servlet.mvc.method.annotation.ExceptionHandlerExceptionResolver:279] -- Detected ResponseBodyAdvice implementation in org.springframework.boot.actuate.autoconfigure.EndpointWebMvcHypermediaManagementContextConfiguration$ActuatorEndpointLinksAdvice
[2018-02-08 00:33:31] [INFO ] [org.springframework.web.servlet.handler.SimpleUrlHandlerMapping:362] -- Mapped URL path [/**/favicon.ico] onto handler of type [class org.springframework.web.servlet.resource.ResourceHttpRequestHandler]
[2018-02-08 00:33:31] [INFO ] [org.springframework.scheduling.concurrent.ThreadPoolTaskScheduler:165] -- Initializing ExecutorService  'taskScheduler'
[2018-02-08 00:33:35] [INFO ] [org.springframework.boot.actuate.endpoint.mvc.EndpointHandlerMapping:543] -- Mapped "{[/docs/],produces=[text/html]}" onto public java.lang.String org.springframework.boot.actuate.endpoint.mvc.DocsMvcEndpoint.browse()
[2018-02-08 00:33:35] [INFO ] [org.springframework.boot.actuate.endpoint.mvc.EndpointHandlerMapping:543] -- Mapped "{[/docs],produces=[text/html]}" onto public java.lang.String org.springframework.boot.actuate.endpoint.mvc.DocsMvcEndpoint.redirect()
[2018-02-08 00:33:35] [INFO ] [org.springframework.boot.actuate.endpoint.mvc.EndpointHandlerMapping:543] -- Mapped "{[/restart || /restart.json],methods=[POST]}" onto public java.lang.Object org.springframework.cloud.context.restart.RestartMvcEndpoint.invoke()
[2018-02-08 00:33:35] [INFO ] [org.springframework.boot.actuate.endpoint.mvc.EndpointHandlerMapping:543] -- Mapped "{[/info || /info.json],methods=[GET],produces=[application/vnd.spring-boot.actuator.v1+json || application/json]}" onto public java.lang.Object org.springframework.boot.actuate.endpoint.mvc.EndpointMvcAdapter.invoke()
[2018-02-08 00:33:35] [INFO ] [org.springframework.boot.actuate.endpoint.mvc.EndpointHandlerMapping:543] -- Mapped "{[/jolokia/**]}" onto public org.springframework.web.servlet.ModelAndView org.springframework.boot.actuate.endpoint.mvc.JolokiaMvcEndpoint.handle(javax.servlet.http.HttpServletRequest,javax.servlet.http.HttpServletResponse) throws java.lang.Exception
[2018-02-08 00:33:35] [INFO ] [org.springframework.boot.actuate.endpoint.mvc.EndpointHandlerMapping:543] -- Mapped "{[/dump || /dump.json],methods=[GET],produces=[application/vnd.spring-boot.actuator.v1+json || application/json]}" onto public java.lang.Object org.springframework.boot.actuate.endpoint.mvc.EndpointMvcAdapter.invoke()
[2018-02-08 00:33:35] [INFO ] [org.springframework.boot.actuate.endpoint.mvc.EndpointHandlerMapping:543] -- Mapped "{[/channels || /channels.json],methods=[GET],produces=[application/vnd.spring-boot.actuator.v1+json || application/json]}" onto public java.lang.Object org.springframework.boot.actuate.endpoint.mvc.EndpointMvcAdapter.invoke()
[2018-02-08 00:33:35] [INFO ] [org.springframework.boot.actuate.endpoint.mvc.EndpointHandlerMapping:543] -- Mapped "{[/metrics/{name:.*}],methods=[GET],produces=[application/vnd.spring-boot.actuator.v1+json || application/json]}" onto public java.lang.Object org.springframework.boot.actuate.endpoint.mvc.MetricsMvcEndpoint.value(java.lang.String)
[2018-02-08 00:33:35] [INFO ] [org.springframework.boot.actuate.endpoint.mvc.EndpointHandlerMapping:543] -- Mapped "{[/metrics || /metrics.json],methods=[GET],produces=[application/vnd.spring-boot.actuator.v1+json || application/json]}" onto public java.lang.Object org.springframework.boot.actuate.endpoint.mvc.EndpointMvcAdapter.invoke()
[2018-02-08 00:33:35] [INFO ] [org.springframework.boot.actuate.endpoint.mvc.EndpointHandlerMapping:543] -- Mapped "{[/env],methods=[POST]}" onto public java.lang.Object org.springframework.cloud.context.environment.EnvironmentManagerMvcEndpoint.value(java.util.Map<java.lang.String, java.lang.String>)
[2018-02-08 00:33:35] [INFO ] [org.springframework.boot.actuate.endpoint.mvc.EndpointHandlerMapping:543] -- Mapped "{[/env/reset],methods=[POST]}" onto public java.util.Map<java.lang.String, java.lang.Object> org.springframework.cloud.context.environment.EnvironmentManagerMvcEndpoint.reset()
[2018-02-08 00:33:35] [INFO ] [org.springframework.boot.actuate.endpoint.mvc.EndpointHandlerMapping:543] -- Mapped "{[/trace || /trace.json],methods=[GET],produces=[application/vnd.spring-boot.actuator.v1+json || application/json]}" onto public java.lang.Object org.springframework.boot.actuate.endpoint.mvc.EndpointMvcAdapter.invoke()
[2018-02-08 00:33:35] [INFO ] [org.springframework.boot.actuate.endpoint.mvc.EndpointHandlerMapping:543] -- Mapped "{[/health || /health.json],methods=[GET],produces=[application/vnd.spring-boot.actuator.v1+json || application/json]}" onto public java.lang.Object org.springframework.boot.actuate.endpoint.mvc.HealthMvcEndpoint.invoke(javax.servlet.http.HttpServletRequest,java.security.Principal)
[2018-02-08 00:33:35] [INFO ] [org.springframework.boot.actuate.endpoint.mvc.EndpointHandlerMapping:543] -- Mapped "{[/features || /features.json],methods=[GET],produces=[application/vnd.spring-boot.actuator.v1+json || application/json]}" onto public java.lang.Object org.springframework.boot.actuate.endpoint.mvc.EndpointMvcAdapter.invoke()
[2018-02-08 00:33:35] [INFO ] [org.springframework.boot.actuate.endpoint.mvc.EndpointHandlerMapping:543] -- Mapped "{[/refresh || /refresh.json],methods=[POST]}" onto public java.lang.Object org.springframework.cloud.endpoint.GenericPostableMvcEndpoint.invoke()
[2018-02-08 00:33:35] [INFO ] [org.springframework.boot.actuate.endpoint.mvc.EndpointHandlerMapping:543] -- Mapped "{[/archaius || /archaius.json],methods=[GET],produces=[application/vnd.spring-boot.actuator.v1+json || application/json]}" onto public java.lang.Object org.springframework.boot.actuate.endpoint.mvc.EndpointMvcAdapter.invoke()
[2018-02-08 00:33:35] [INFO ] [org.springframework.boot.actuate.endpoint.mvc.EndpointHandlerMapping:543] -- Mapped "{[/configprops || /configprops.json],methods=[GET],produces=[application/vnd.spring-boot.actuator.v1+json || application/json]}" onto public java.lang.Object org.springframework.boot.actuate.endpoint.mvc.EndpointMvcAdapter.invoke()
[2018-02-08 00:33:35] [INFO ] [org.springframework.boot.actuate.endpoint.mvc.EndpointHandlerMapping:543] -- Mapped "{[/bus/env],methods=[POST]}" onto public void org.springframework.cloud.bus.endpoint.EnvironmentBusEndpoint.env(java.util.Map<java.lang.String, java.lang.String>,java.lang.String)
[2018-02-08 00:33:35] [INFO ] [org.springframework.boot.actuate.endpoint.mvc.EndpointHandlerMapping:543] -- Mapped "{[/env/{name:.*}],methods=[GET],produces=[application/vnd.spring-boot.actuator.v1+json || application/json]}" onto public java.lang.Object org.springframework.boot.actuate.endpoint.mvc.EnvironmentMvcEndpoint.value(java.lang.String)
[2018-02-08 00:33:35] [INFO ] [org.springframework.boot.actuate.endpoint.mvc.EndpointHandlerMapping:543] -- Mapped "{[/env || /env.json],methods=[GET],produces=[application/vnd.spring-boot.actuator.v1+json || application/json]}" onto public java.lang.Object org.springframework.boot.actuate.endpoint.mvc.EndpointMvcAdapter.invoke()
[2018-02-08 00:33:35] [INFO ] [org.springframework.boot.actuate.endpoint.mvc.EndpointHandlerMapping:543] -- Mapped "{[/mappings || /mappings.json],methods=[GET],produces=[application/vnd.spring-boot.actuator.v1+json || application/json]}" onto public java.lang.Object org.springframework.boot.actuate.endpoint.mvc.EndpointMvcAdapter.invoke()
[2018-02-08 00:33:35] [INFO ] [org.springframework.boot.actuate.endpoint.mvc.EndpointHandlerMapping:543] -- Mapped "{[/service-registry/instance-status],methods=[GET]}" onto public org.springframework.http.ResponseEntity org.springframework.cloud.client.serviceregistry.endpoint.ServiceRegistryEndpoint.getStatus()
[2018-02-08 00:33:35] [INFO ] [org.springframework.boot.actuate.endpoint.mvc.EndpointHandlerMapping:543] -- Mapped "{[/service-registry/instance-status],methods=[POST]}" onto public org.springframework.http.ResponseEntity<?> org.springframework.cloud.client.serviceregistry.endpoint.ServiceRegistryEndpoint.setStatus(java.lang.String)
[2018-02-08 00:33:35] [INFO ] [org.springframework.boot.actuate.endpoint.mvc.EndpointHandlerMapping:543] -- Mapped "{[/actuator || /actuator.json],produces=[text/html]}" onto public java.lang.String org.springframework.boot.actuate.endpoint.mvc.HalBrowserMvcEndpoint.browse(javax.servlet.http.HttpServletRequest)
[2018-02-08 00:33:35] [INFO ] [org.springframework.boot.actuate.endpoint.mvc.EndpointHandlerMapping:543] -- Mapped "{[/actuator || /actuator.json],methods=[GET],produces=[application/vnd.spring-boot.actuator.v1+json || application/json]}" onto public org.springframework.hateoas.ResourceSupport org.springframework.boot.actuate.endpoint.mvc.HalJsonMvcEndpoint.links()
[2018-02-08 00:33:35] [INFO ] [org.springframework.boot.actuate.endpoint.mvc.EndpointHandlerMapping:543] -- Mapped "{[/logfile || /logfile.json],methods=[GET || HEAD]}" onto public void org.springframework.boot.actuate.endpoint.mvc.LogFileMvcEndpoint.invoke(javax.servlet.http.HttpServletRequest,javax.servlet.http.HttpServletResponse) throws javax.servlet.ServletException,java.io.IOException
[2018-02-08 00:33:35] [INFO ] [org.springframework.boot.actuate.endpoint.mvc.EndpointHandlerMapping:543] -- Mapped "{[/bus/refresh],methods=[POST]}" onto public void org.springframework.cloud.bus.endpoint.RefreshBusEndpoint.refresh(java.lang.String)
[2018-02-08 00:33:35] [INFO ] [org.springframework.boot.actuate.endpoint.mvc.EndpointHandlerMapping:543] -- Mapped "{[/loggers/{name:.*}],methods=[GET],produces=[application/vnd.spring-boot.actuator.v1+json || application/json]}" onto public java.lang.Object org.springframework.boot.actuate.endpoint.mvc.LoggersMvcEndpoint.get(java.lang.String)
[2018-02-08 00:33:35] [INFO ] [org.springframework.boot.actuate.endpoint.mvc.EndpointHandlerMapping:543] -- Mapped "{[/loggers/{name:.*}],methods=[POST],consumes=[application/vnd.spring-boot.actuator.v1+json || application/json],produces=[application/vnd.spring-boot.actuator.v1+json || application/json]}" onto public java.lang.Object org.springframework.boot.actuate.endpoint.mvc.LoggersMvcEndpoint.set(java.lang.String,java.util.Map<java.lang.String, java.lang.String>)
[2018-02-08 00:33:35] [INFO ] [org.springframework.boot.actuate.endpoint.mvc.EndpointHandlerMapping:543] -- Mapped "{[/loggers || /loggers.json],methods=[GET],produces=[application/vnd.spring-boot.actuator.v1+json || application/json]}" onto public java.lang.Object org.springframework.boot.actuate.endpoint.mvc.EndpointMvcAdapter.invoke()
[2018-02-08 00:33:35] [INFO ] [org.springframework.boot.actuate.endpoint.mvc.EndpointHandlerMapping:543] -- Mapped "{[/auditevents || /auditevents.json],methods=[GET],produces=[application/vnd.spring-boot.actuator.v1+json || application/json]}" onto public org.springframework.http.ResponseEntity<?> org.springframework.boot.actuate.endpoint.mvc.AuditEventsMvcEndpoint.findByPrincipalAndAfterAndType(java.lang.String,java.util.Date,java.lang.String)
[2018-02-08 00:33:35] [INFO ] [org.springframework.boot.actuate.endpoint.mvc.EndpointHandlerMapping:543] -- Mapped "{[/beans || /beans.json],methods=[GET],produces=[application/vnd.spring-boot.actuator.v1+json || application/json]}" onto public java.lang.Object org.springframework.boot.actuate.endpoint.mvc.EndpointMvcAdapter.invoke()
[2018-02-08 00:33:35] [INFO ] [org.springframework.boot.actuate.endpoint.mvc.EndpointHandlerMapping:543] -- Mapped "{[/autoconfig || /autoconfig.json],methods=[GET],produces=[application/vnd.spring-boot.actuator.v1+json || application/json]}" onto public java.lang.Object org.springframework.boot.actuate.endpoint.mvc.EndpointMvcAdapter.invoke()
[2018-02-08 00:33:35] [INFO ] [org.springframework.boot.actuate.endpoint.mvc.EndpointHandlerMapping:543] -- Mapped "{[/resume || /resume.json],methods=[POST]}" onto public java.lang.Object org.springframework.cloud.endpoint.GenericPostableMvcEndpoint.invoke()
[2018-02-08 00:33:35] [INFO ] [org.springframework.boot.actuate.endpoint.mvc.EndpointHandlerMapping:543] -- Mapped "{[/heapdump || /heapdump.json],methods=[GET],produces=[application/octet-stream]}" onto public void org.springframework.boot.actuate.endpoint.mvc.HeapdumpMvcEndpoint.invoke(boolean,javax.servlet.http.HttpServletRequest,javax.servlet.http.HttpServletResponse) throws java.io.IOException,javax.servlet.ServletException
[2018-02-08 00:33:35] [INFO ] [org.springframework.boot.actuate.endpoint.mvc.EndpointHandlerMapping:543] -- Mapped "{[/pause || /pause.json],methods=[POST]}" onto public java.lang.Object org.springframework.cloud.endpoint.GenericPostableMvcEndpoint.invoke()
[2018-02-08 00:33:35] [INFO ] [org.springframework.integration.codec.kryo.CompositeKryoRegistrar:74] -- configured Kryo registration [40, java.io.File] with serializer org.springframework.integration.codec.kryo.FileSerializer
[2018-02-08 00:33:35] [INFO ] [org.springframework.jmx.export.annotation.AnnotationMBeanExporter:431] -- Registering beans for JMX exposure on startup
[2018-02-08 00:33:35] [INFO ] [org.springframework.jmx.export.annotation.AnnotationMBeanExporter:916] -- Bean with name 'environmentManager' has been autodetected for JMX exposure
[2018-02-08 00:33:35] [INFO ] [org.springframework.jmx.export.annotation.AnnotationMBeanExporter:916] -- Bean with name 'rabbitConnectionFactory' has been autodetected for JMX exposure
[2018-02-08 00:33:35] [INFO ] [org.springframework.jmx.export.annotation.AnnotationMBeanExporter:916] -- Bean with name 'integrationMbeanExporter' has been autodetected for JMX exposure
[2018-02-08 00:33:35] [INFO ] [org.springframework.jmx.export.annotation.AnnotationMBeanExporter:916] -- Bean with name 'configurationPropertiesRebinder' has been autodetected for JMX exposure
[2018-02-08 00:33:35] [INFO ] [org.springframework.jmx.export.annotation.AnnotationMBeanExporter:916] -- Bean with name 'refreshEndpoint' has been autodetected for JMX exposure
[2018-02-08 00:33:35] [INFO ] [org.springframework.jmx.export.annotation.AnnotationMBeanExporter:916] -- Bean with name 'restartEndpoint' has been autodetected for JMX exposure
[2018-02-08 00:33:35] [INFO ] [org.springframework.jmx.export.annotation.AnnotationMBeanExporter:916] -- Bean with name 'environmentBusEndpoint' has been autodetected for JMX exposure
[2018-02-08 00:33:35] [INFO ] [org.springframework.jmx.export.annotation.AnnotationMBeanExporter:916] -- Bean with name 'refreshBusEndpoint' has been autodetected for JMX exposure
[2018-02-08 00:33:35] [INFO ] [org.springframework.jmx.export.annotation.AnnotationMBeanExporter:916] -- Bean with name 'serviceRegistryEndpoint' has been autodetected for JMX exposure
[2018-02-08 00:33:35] [INFO ] [org.springframework.jmx.export.annotation.AnnotationMBeanExporter:916] -- Bean with name 'refreshScope' has been autodetected for JMX exposure
[2018-02-08 00:33:35] [INFO ] [org.springframework.jmx.export.annotation.AnnotationMBeanExporter:678] -- Located managed bean 'environmentManager': registering with JMX server as MBean [org.springframework.cloud.context.environment:name=environmentManager,type=EnvironmentManager]
[2018-02-08 00:33:35] [INFO ] [org.springframework.jmx.export.annotation.AnnotationMBeanExporter:678] -- Located managed bean 'environmentBusEndpoint': registering with JMX server as MBean [org.springframework.cloud.bus.endpoint:name=environmentBusEndpoint,type=EnvironmentBusEndpoint]
[2018-02-08 00:33:35] [INFO ] [org.springframework.jmx.export.annotation.AnnotationMBeanExporter:678] -- Located managed bean 'restartEndpoint': registering with JMX server as MBean [org.springframework.cloud.context.restart:name=restartEndpoint,type=RestartEndpoint]
[2018-02-08 00:33:35] [INFO ] [org.springframework.jmx.export.annotation.AnnotationMBeanExporter:678] -- Located managed bean 'serviceRegistryEndpoint': registering with JMX server as MBean [org.springframework.cloud.client.serviceregistry.endpoint:name=serviceRegistryEndpoint,type=ServiceRegistryEndpoint]
[2018-02-08 00:33:35] [INFO ] [org.springframework.jmx.export.annotation.AnnotationMBeanExporter:678] -- Located managed bean 'refreshBusEndpoint': registering with JMX server as MBean [org.springframework.cloud.bus.endpoint:name=refreshBusEndpoint,type=RefreshBusEndpoint]
[2018-02-08 00:33:35] [INFO ] [org.springframework.jmx.export.annotation.AnnotationMBeanExporter:678] -- Located managed bean 'refreshScope': registering with JMX server as MBean [org.springframework.cloud.context.scope.refresh:name=refreshScope,type=RefreshScope]
[2018-02-08 00:33:36] [INFO ] [org.springframework.jmx.export.annotation.AnnotationMBeanExporter:678] -- Located managed bean 'integrationMbeanExporter': registering with JMX server as MBean [org.springframework.integration.monitor:name=integrationMbeanExporter,type=IntegrationMBeanExporter]
[2018-02-08 00:33:36] [INFO ] [org.springframework.jmx.export.annotation.AnnotationMBeanExporter:678] -- Located managed bean 'configurationPropertiesRebinder': registering with JMX server as MBean [org.springframework.cloud.context.properties:name=configurationPropertiesRebinder,context=418c020b,type=ConfigurationPropertiesRebinder]
[2018-02-08 00:33:36] [INFO ] [org.springframework.jmx.export.annotation.AnnotationMBeanExporter:678] -- Located managed bean 'rabbitConnectionFactory': registering with JMX server as MBean [org.springframework.amqp.rabbit.connection:name=rabbitConnectionFactory,type=CachingConnectionFactory]
[2018-02-08 00:33:36] [INFO ] [org.springframework.jmx.export.annotation.AnnotationMBeanExporter:678] -- Located managed bean 'refreshEndpoint': registering with JMX server as MBean [org.springframework.cloud.endpoint:name=refreshEndpoint,type=RefreshEndpoint]
[2018-02-08 00:33:36] [INFO ] [org.springframework.integration.monitor.IntegrationMBeanExporter:431] -- Registering beans for JMX exposure on startup
[2018-02-08 00:33:36] [INFO ] [org.springframework.integration.monitor.IntegrationMBeanExporter:647] -- Registering MessageChannel errorChannel
[2018-02-08 00:33:36] [INFO ] [org.springframework.integration.monitor.IntegrationMBeanExporter:678] -- Located managed bean 'org.springframework.integration:type=MessageChannel,name=errorChannel': registering with JMX server as MBean [org.springframework.integration:type=MessageChannel,name=errorChannel]
[2018-02-08 00:33:36] [INFO ] [org.springframework.integration.monitor.IntegrationMBeanExporter:647] -- Registering MessageChannel springCloudBusInput
[2018-02-08 00:33:36] [INFO ] [org.springframework.integration.monitor.IntegrationMBeanExporter:678] -- Located managed bean 'org.springframework.integration:type=MessageChannel,name=springCloudBusInput': registering with JMX server as MBean [org.springframework.integration:type=MessageChannel,name=springCloudBusInput]
[2018-02-08 00:33:36] [INFO ] [org.springframework.integration.monitor.IntegrationMBeanExporter:647] -- Registering MessageChannel springCloudBusOutput
[2018-02-08 00:33:36] [INFO ] [org.springframework.integration.monitor.IntegrationMBeanExporter:678] -- Located managed bean 'org.springframework.integration:type=MessageChannel,name=springCloudBusOutput': registering with JMX server as MBean [org.springframework.integration:type=MessageChannel,name=springCloudBusOutput]
[2018-02-08 00:33:36] [INFO ] [org.springframework.integration.monitor.IntegrationMBeanExporter:647] -- Registering MessageChannel nullChannel
[2018-02-08 00:33:36] [INFO ] [org.springframework.integration.monitor.IntegrationMBeanExporter:678] -- Located managed bean 'org.springframework.integration:type=MessageChannel,name=nullChannel': registering with JMX server as MBean [org.springframework.integration:type=MessageChannel,name=nullChannel]
[2018-02-08 00:33:36] [INFO ] [org.springframework.integration.monitor.IntegrationMBeanExporter:664] -- Registering MessageHandler errorLogger
[2018-02-08 00:33:36] [INFO ] [org.springframework.integration.monitor.IntegrationMBeanExporter:678] -- Located managed bean 'org.springframework.integration:type=MessageHandler,name=errorLogger,bean=internal': registering with JMX server as MBean [org.springframework.integration:type=MessageHandler,name=errorLogger,bean=internal]
[2018-02-08 00:33:36] [INFO ] [org.springframework.boot.actuate.endpoint.jmx.EndpointMBeanExporter:431] -- Registering beans for JMX exposure on startup
[2018-02-08 00:33:37] [INFO ] [io.undertow.servlet:360] -- jolokia: No access restrictor found, access to any MBean is allowed
[2018-02-08 00:33:37] [INFO ] [io.undertow.servlet:360] -- jolokia: jolokia:type=Config is already registered. Adding it with jolokia:type=Config,uuid=347b901b-e2e0-49bc-b00d-99bd0ad28739, but you should revise your setup in order to either use a qualifier or ensure, that only a single agent gets registered (otherwise history functionality might not work)
[2018-02-08 00:33:37] [INFO ] [io.undertow.servlet:360] -- jolokia: Cannot register (legacy) MBean handler for config store with name jmx4perl:type=Config since it already exists. This is the case if another agent has been already started within the same JVM. The registration is skipped.
[2018-02-08 00:33:37] [INFO ] [io.undertow.servlet:360] -- jolokia: Jolokia Discovery MBean registration is skipped because there is already one registered.
[2018-02-08 00:33:37] [INFO ] [org.springframework.integration.channel.DirectChannel:81] -- Channel 'cjzf-config-server:dev:-831080154328983373.springCloudBusInput' has 1 subscriber(s).
[2018-02-08 00:33:37] [INFO ] [org.springframework.context.support.DefaultLifecycleProcessor:343] -- Starting beans in phase -2147482648
[2018-02-08 00:33:37] [INFO ] [com.cjzf.Config:597] -- The following profiles are active: dev
[2018-02-08 00:33:37] [INFO ] [org.springframework.context.annotation.AnnotationConfigApplicationContext:583] -- Refreshing org.springframework.context.annotation.AnnotationConfigApplicationContext@d62feaf: startup date [Thu Feb 08 00:33:37 CST 2018]; parent: org.springframework.boot.context.embedded.AnnotationConfigEmbeddedWebApplicationContext@418c020b
[2018-02-08 00:33:38] [INFO ] [org.springframework.beans.factory.annotation.AutowiredAnnotationBeanPostProcessor:155] -- JSR-330 'javax.inject.Inject' annotation found and supported for autowiring
[2018-02-08 00:33:38] [INFO ] [org.springframework.context.support.GenericApplicationContext:583] -- Refreshing org.springframework.context.support.GenericApplicationContext@623a891d: startup date [Thu Feb 08 00:33:38 CST 2018]; root of context hierarchy
[2018-02-08 00:33:38] [INFO ] [com.cjzf.Config:57] -- Started Config in 0.25 seconds (JVM running for 12.988)
[2018-02-08 00:33:38] [INFO ] [org.springframework.amqp.rabbit.connection.CachingConnectionFactory:360] -- Created new connection: rabbitConnectionFactory#27d44578:0/SimpleConnection@9cdf13e [delegate=amqp://guest@127.0.0.1:5672/, localPort= 58211]
[2018-02-08 00:33:38] [INFO ] [org.springframework.integration.channel.DirectChannel:81] -- Channel 'cjzf-config-server:dev:-831080154328983373.springCloudBusOutput' has 1 subscriber(s).
[2018-02-08 00:33:38] [INFO ] [org.springframework.context.support.DefaultLifecycleProcessor:343] -- Starting beans in phase 0
[2018-02-08 00:33:38] [INFO ] [org.springframework.cloud.netflix.eureka.InstanceInfoFactory:70] -- Setting initial instance status as: STARTING
[2018-02-08 00:33:38] [INFO ] [org.springframework.cloud.netflix.eureka.serviceregistry.EurekaServiceRegistry:40] -- Registering application cjzf-config-server with eureka with status UP
[2018-02-08 00:33:38] [INFO ] [org.springframework.boot.actuate.endpoint.jmx.EndpointMBeanExporter:678] -- Located managed bean 'auditEventsEndpoint': registering with JMX server as MBean [org.springframework.boot:type=Endpoint,name=auditEventsEndpoint]
[2018-02-08 00:33:38] [INFO ] [org.springframework.boot.actuate.endpoint.jmx.EndpointMBeanExporter:678] -- Located managed bean 'archaiusEndpoint': registering with JMX server as MBean [org.springframework.boot:type=Endpoint,name=archaiusEndpoint]
[2018-02-08 00:33:38] [INFO ] [org.springframework.boot.actuate.endpoint.jmx.EndpointMBeanExporter:678] -- Located managed bean 'featuresEndpoint': registering with JMX server as MBean [org.springframework.boot:type=Endpoint,name=featuresEndpoint]
[2018-02-08 00:33:38] [INFO ] [org.springframework.boot.actuate.endpoint.jmx.EndpointMBeanExporter:678] -- Located managed bean 'requestMappingEndpoint': registering with JMX server as MBean [org.springframework.boot:type=Endpoint,name=requestMappingEndpoint]
[2018-02-08 00:33:38] [INFO ] [org.springframework.boot.actuate.endpoint.jmx.EndpointMBeanExporter:678] -- Located managed bean 'environmentEndpoint': registering with JMX server as MBean [org.springframework.boot:type=Endpoint,name=environmentEndpoint]
[2018-02-08 00:33:38] [INFO ] [org.springframework.boot.actuate.endpoint.jmx.EndpointMBeanExporter:678] -- Located managed bean 'healthEndpoint': registering with JMX server as MBean [org.springframework.boot:type=Endpoint,name=healthEndpoint]
[2018-02-08 00:33:38] [INFO ] [org.springframework.boot.actuate.endpoint.jmx.EndpointMBeanExporter:678] -- Located managed bean 'beansEndpoint': registering with JMX server as MBean [org.springframework.boot:type=Endpoint,name=beansEndpoint]
[2018-02-08 00:33:38] [INFO ] [org.springframework.boot.actuate.endpoint.jmx.EndpointMBeanExporter:678] -- Located managed bean 'infoEndpoint': registering with JMX server as MBean [org.springframework.boot:type=Endpoint,name=infoEndpoint]
[2018-02-08 00:33:38] [INFO ] [org.springframework.boot.actuate.endpoint.jmx.EndpointMBeanExporter:678] -- Located managed bean 'loggersEndpoint': registering with JMX server as MBean [org.springframework.boot:type=Endpoint,name=loggersEndpoint]
[2018-02-08 00:33:38] [INFO ] [org.springframework.boot.actuate.endpoint.jmx.EndpointMBeanExporter:678] -- Located managed bean 'metricsEndpoint': registering with JMX server as MBean [org.springframework.boot:type=Endpoint,name=metricsEndpoint]
[2018-02-08 00:33:38] [INFO ] [org.springframework.boot.actuate.endpoint.jmx.EndpointMBeanExporter:678] -- Located managed bean 'traceEndpoint': registering with JMX server as MBean [org.springframework.boot:type=Endpoint,name=traceEndpoint]
[2018-02-08 00:33:38] [INFO ] [org.springframework.boot.actuate.endpoint.jmx.EndpointMBeanExporter:678] -- Located managed bean 'dumpEndpoint': registering with JMX server as MBean [org.springframework.boot:type=Endpoint,name=dumpEndpoint]
[2018-02-08 00:33:38] [INFO ] [org.springframework.boot.actuate.endpoint.jmx.EndpointMBeanExporter:678] -- Located managed bean 'autoConfigurationReportEndpoint': registering with JMX server as MBean [org.springframework.boot:type=Endpoint,name=autoConfigurationReportEndpoint]
[2018-02-08 00:33:38] [INFO ] [org.springframework.boot.actuate.endpoint.jmx.EndpointMBeanExporter:678] -- Located managed bean 'configurationPropertiesReportEndpoint': registering with JMX server as MBean [org.springframework.boot:type=Endpoint,name=configurationPropertiesReportEndpoint]
[2018-02-08 00:33:38] [INFO ] [org.springframework.boot.actuate.endpoint.jmx.EndpointMBeanExporter:678] -- Located managed bean 'busEndpoint': registering with JMX server as MBean [org.springframework.boot:type=Endpoint,name=busEndpoint]
[2018-02-08 00:33:38] [INFO ] [org.springframework.boot.actuate.endpoint.jmx.EndpointMBeanExporter:678] -- Located managed bean 'channelsEndpoint': registering with JMX server as MBean [org.springframework.boot:type=Endpoint,name=channelsEndpoint]
[2018-02-08 00:33:38] [INFO ] [org.springframework.integration.endpoint.EventDrivenConsumer:108] -- Adding {logging-channel-adapter:_org.springframework.integration.errorLogger} as a subscriber to the 'errorChannel' channel
[2018-02-08 00:33:38] [INFO ] [org.springframework.integration.channel.PublishSubscribeChannel:81] -- Channel 'cjzf-config-server:dev:-831080154328983373.errorChannel' has 1 subscriber(s).
[2018-02-08 00:33:38] [INFO ] [org.springframework.integration.endpoint.EventDrivenConsumer:120] -- started _org.springframework.integration.errorLogger
[2018-02-08 00:33:38] [INFO ] [org.springframework.context.support.DefaultLifecycleProcessor:343] -- Starting beans in phase 2147482647
[2018-02-08 00:33:38] [INFO ] [org.springframework.cloud.stream.binder.rabbit.provisioning.RabbitExchangeQueueProvisioner:130] -- declaring queue for inbound: springCloudBus.anonymous.6QJSmTSgTOCaf2QqSRzITg, bound to: springCloudBus
[2018-02-08 00:33:38] [INFO ] [org.springframework.integration.amqp.inbound.AmqpInboundChannelAdapter:120] -- started inbound.springCloudBus.anonymous.6QJSmTSgTOCaf2QqSRzITg
[2018-02-08 00:33:38] [INFO ] [org.springframework.integration.endpoint.EventDrivenConsumer:108] -- Adding {message-handler:inbound.springCloudBus.default} as a subscriber to the 'bridge.springCloudBus' channel
[2018-02-08 00:33:38] [INFO ] [org.springframework.integration.endpoint.EventDrivenConsumer:120] -- started inbound.springCloudBus.default
[2018-02-08 00:33:38] [INFO ] [org.springframework.context.support.DefaultLifecycleProcessor:343] -- Starting beans in phase 2147483647
[2018-02-08 00:33:38] [INFO ] [org.springframework.boot.context.embedded.undertow.UndertowEmbeddedServletContainer:160] -- Undertow started on port(s) 8019 (http)
[2018-02-08 00:33:38] [INFO ] [org.springframework.cloud.netflix.eureka.serviceregistry.EurekaAutoServiceRegistration:117] -- Updating port to 8019
[2018-02-08 00:33:38] [INFO ] [com.cjzf.Config:57] -- Started Config in 12.519 seconds (JVM running for 13.339)
[2018-02-08 00:33:38] [INFO ] [com.cjzf.Config:22] -- end execute ConfigServerApplication....

[2018-02-08 00:33:39] [INFO ] [org.springframework.context.annotation.AnnotationConfigApplicationContext:583] -- Refreshing org.springframework.context.annotation.AnnotationConfigApplicationContext@1e9adc8: startup date [Thu Feb 08 00:33:39 CST 2018]; root of context hierarchy
[2018-02-08 00:33:39] [INFO ] [org.springframework.beans.factory.annotation.AutowiredAnnotationBeanPostProcessor:155] -- JSR-330 'javax.inject.Inject' annotation found and supported for autowiring
[2018-02-08 00:33:39] [INFO ] [org.springframework.context.annotation.AnnotationConfigApplicationContext:984] -- Closing org.springframework.context.annotation.AnnotationConfigApplicationContext@1e9adc8: startup date [Thu Feb 08 00:33:39 CST 2018]; root of context hierarchy
[2018-02-08 00:34:56] [INFO ] [io.undertow.servlet:360] -- Initializing Spring FrameworkServlet 'dispatcherServlet'
[2018-02-08 00:34:56] [INFO ] [org.springframework.web.servlet.DispatcherServlet:489] -- FrameworkServlet 'dispatcherServlet': initialization started
[2018-02-08 00:34:56] [INFO ] [org.springframework.web.servlet.DispatcherServlet:508] -- FrameworkServlet 'dispatcherServlet': initialization completed in 22 ms
[2018-02-08 00:34:56] [INFO ] [org.springframework.context.annotation.AnnotationConfigApplicationContext:583] -- Refreshing org.springframework.context.annotation.AnnotationConfigApplicationContext@617effea: startup date [Thu Feb 08 00:34:56 CST 2018]; root of context hierarchy
[2018-02-08 00:34:56] [INFO ] [org.springframework.beans.factory.annotation.AutowiredAnnotationBeanPostProcessor:155] -- JSR-330 'javax.inject.Inject' annotation found and supported for autowiring
[2018-02-08 00:34:56] [INFO ] [org.springframework.context.annotation.AnnotationConfigApplicationContext:984] -- Closing org.springframework.context.annotation.AnnotationConfigApplicationContext@617effea: startup date [Thu Feb 08 00:34:56 CST 2018]; root of context hierarchy
[2018-02-08 00:35:07] [INFO ] [org.springframework.context.annotation.AnnotationConfigApplicationContext:583] -- Refreshing org.springframework.context.annotation.AnnotationConfigApplicationContext@95b18c1: startup date [Thu Feb 08 00:35:07 CST 2018]; root of context hierarchy
[2018-02-08 00:35:07] [INFO ] [org.springframework.beans.factory.annotation.AutowiredAnnotationBeanPostProcessor:155] -- JSR-330 'javax.inject.Inject' annotation found and supported for autowiring
[2018-02-08 00:35:07] [INFO ] [org.springframework.context.annotation.AnnotationConfigApplicationContext:984] -- Closing org.springframework.context.annotation.AnnotationConfigApplicationContext@95b18c1: startup date [Thu Feb 08 00:35:07 CST 2018]; root of context hierarchy
[2018-02-08 00:35:10] [INFO ] [org.springframework.context.annotation.AnnotationConfigApplicationContext:583] -- Refreshing org.springframework.context.annotation.AnnotationConfigApplicationContext@37fd9063: startup date [Thu Feb 08 00:35:10 CST 2018]; root of context hierarchy
[2018-02-08 00:35:10] [INFO ] [org.springframework.beans.factory.annotation.AutowiredAnnotationBeanPostProcessor:155] -- JSR-330 'javax.inject.Inject' annotation found and supported for autowiring
[2018-02-08 00:35:10] [INFO ] [org.springframework.context.annotation.AnnotationConfigApplicationContext:984] -- Closing org.springframework.context.annotation.AnnotationConfigApplicationContext@37fd9063: startup date [Thu Feb 08 00:35:10 CST 2018]; root of context hierarchy
[2018-02-08 00:40:22] [INFO ] [org.springframework.context.annotation.AnnotationConfigApplicationContext:583] -- Refreshing org.springframework.context.annotation.AnnotationConfigApplicationContext@78218f9d: startup date [Thu Feb 08 00:40:22 CST 2018]; root of context hierarchy
[2018-02-08 00:40:22] [INFO ] [org.springframework.beans.factory.annotation.AutowiredAnnotationBeanPostProcessor:155] -- JSR-330 'javax.inject.Inject' annotation found and supported for autowiring
[2018-02-08 00:40:22] [INFO ] [org.springframework.context.annotation.AnnotationConfigApplicationContext:984] -- Closing org.springframework.context.annotation.AnnotationConfigApplicationContext@78218f9d: startup date [Thu Feb 08 00:40:22 CST 2018]; root of context hierarchy
[2018-02-08 00:45:42] [INFO ] [org.springframework.context.annotation.AnnotationConfigApplicationContext:583] -- Refreshing org.springframework.context.annotation.AnnotationConfigApplicationContext@58504ff3: startup date [Thu Feb 08 00:45:42 CST 2018]; root of context hierarchy
[2018-02-08 00:45:42] [INFO ] [org.springframework.beans.factory.annotation.AutowiredAnnotationBeanPostProcessor:155] -- JSR-330 'javax.inject.Inject' annotation found and supported for autowiring
[2018-02-08 00:45:42] [INFO ] [org.springframework.context.annotation.AnnotationConfigApplicationContext:984] -- Closing org.springframework.context.annotation.AnnotationConfigApplicationContext@58504ff3: startup date [Thu Feb 08 00:45:42 CST 2018]; root of context hierarchy
[2018-02-08 00:50:42] [INFO ] [org.springframework.context.annotation.AnnotationConfigApplicationContext:583] -- Refreshing org.springframework.context.annotation.AnnotationConfigApplicationContext@456111d4: startup date [Thu Feb 08 00:50:42 CST 2018]; root of context hierarchy
[2018-02-08 00:50:42] [INFO ] [org.springframework.beans.factory.annotation.AutowiredAnnotationBeanPostProcessor:155] -- JSR-330 'javax.inject.Inject' annotation found and supported for autowiring
[2018-02-08 00:50:42] [INFO ] [org.springframework.context.annotation.AnnotationConfigApplicationContext:984] -- Closing org.springframework.context.annotation.AnnotationConfigApplicationContext@456111d4: startup date [Thu Feb 08 00:50:42 CST 2018]; root of context hierarchy
[2018-02-08 00:56:02] [INFO ] [org.springframework.context.annotation.AnnotationConfigApplicationContext:583] -- Refreshing org.springframework.context.annotation.AnnotationConfigApplicationContext@7e3a0060: startup date [Thu Feb 08 00:56:02 CST 2018]; root of context hierarchy
[2018-02-08 00:56:02] [INFO ] [org.springframework.beans.factory.annotation.AutowiredAnnotationBeanPostProcessor:155] -- JSR-330 'javax.inject.Inject' annotation found and supported for autowiring
[2018-02-08 00:56:02] [INFO ] [org.springframework.context.annotation.AnnotationConfigApplicationContext:984] -- Closing org.springframework.context.annotation.AnnotationConfigApplicationContext@7e3a0060: startup date [Thu Feb 08 00:56:02 CST 2018]; root of context hierarchy
[2018-02-08 01:01:02] [INFO ] [org.springframework.context.annotation.AnnotationConfigApplicationContext:583] -- Refreshing org.springframework.context.annotation.AnnotationConfigApplicationContext@603c45c3: startup date [Thu Feb 08 01:01:02 CST 2018]; root of context hierarchy
[2018-02-08 01:01:02] [INFO ] [org.springframework.beans.factory.annotation.AutowiredAnnotationBeanPostProcessor:155] -- JSR-330 'javax.inject.Inject' annotation found and supported for autowiring
[2018-02-08 01:01:02] [INFO ] [org.springframework.context.annotation.AnnotationConfigApplicationContext:984] -- Closing org.springframework.context.annotation.AnnotationConfigApplicationContext@603c45c3: startup date [Thu Feb 08 01:01:02 CST 2018]; root of context hierarchy
[2018-02-08 01:06:22] [INFO ] [org.springframework.context.annotation.AnnotationConfigApplicationContext:583] -- Refreshing org.springframework.context.annotation.AnnotationConfigApplicationContext@df606ed: startup date [Thu Feb 08 01:06:22 CST 2018]; root of context hierarchy
[2018-02-08 01:06:22] [INFO ] [org.springframework.beans.factory.annotation.AutowiredAnnotationBeanPostProcessor:155] -- JSR-330 'javax.inject.Inject' annotation found and supported for autowiring
[2018-02-08 01:06:22] [INFO ] [org.springframework.context.annotation.AnnotationConfigApplicationContext:984] -- Closing org.springframework.context.annotation.AnnotationConfigApplicationContext@df606ed: startup date [Thu Feb 08 01:06:22 CST 2018]; root of context hierarchy
[2018-02-08 01:11:42] [INFO ] [org.springframework.context.annotation.AnnotationConfigApplicationContext:583] -- Refreshing org.springframework.context.annotation.AnnotationConfigApplicationContext@38991071: startup date [Thu Feb 08 01:11:42 CST 2018]; root of context hierarchy
[2018-02-08 01:11:42] [INFO ] [org.springframework.beans.factory.annotation.AutowiredAnnotationBeanPostProcessor:155] -- JSR-330 'javax.inject.Inject' annotation found and supported for autowiring
[2018-02-08 01:11:42] [INFO ] [org.springframework.context.annotation.AnnotationConfigApplicationContext:984] -- Closing org.springframework.context.annotation.AnnotationConfigApplicationContext@38991071: startup date [Thu Feb 08 01:11:42 CST 2018]; root of context hierarchy
[2018-02-08 01:16:42] [INFO ] [org.springframework.context.annotation.AnnotationConfigApplicationContext:583] -- Refreshing org.springframework.context.annotation.AnnotationConfigApplicationContext@1e1e2097: startup date [Thu Feb 08 01:16:42 CST 2018]; root of context hierarchy
[2018-02-08 01:16:42] [INFO ] [org.springframework.beans.factory.annotation.AutowiredAnnotationBeanPostProcessor:155] -- JSR-330 'javax.inject.Inject' annotation found and supported for autowiring
[2018-02-08 01:16:42] [INFO ] [org.springframework.context.annotation.AnnotationConfigApplicationContext:984] -- Closing org.springframework.context.annotation.AnnotationConfigApplicationContext@1e1e2097: startup date [Thu Feb 08 01:16:42 CST 2018]; root of context hierarchy
[2018-02-08 01:22:02] [INFO ] [org.springframework.context.annotation.AnnotationConfigApplicationContext:583] -- Refreshing org.springframework.context.annotation.AnnotationConfigApplicationContext@7d467be8: startup date [Thu Feb 08 01:22:02 CST 2018]; root of context hierarchy
[2018-02-08 01:22:02] [INFO ] [org.springframework.beans.factory.annotation.AutowiredAnnotationBeanPostProcessor:155] -- JSR-330 'javax.inject.Inject' annotation found and supported for autowiring
[2018-02-08 01:22:02] [INFO ] [org.springframework.context.annotation.AnnotationConfigApplicationContext:984] -- Closing org.springframework.context.annotation.AnnotationConfigApplicationContext@7d467be8: startup date [Thu Feb 08 01:22:02 CST 2018]; root of context hierarchy
[2018-02-08 01:22:19] [INFO ] [org.springframework.boot.context.embedded.AnnotationConfigEmbeddedWebApplicationContext:984] -- Closing org.springframework.boot.context.embedded.AnnotationConfigEmbeddedWebApplicationContext@418c020b: startup date [Thu Feb 08 00:33:27 CST 2018]; parent: org.springframework.context.annotation.AnnotationConfigApplicationContext@4566d049
[2018-02-08 01:22:19] [INFO ] [org.springframework.cloud.netflix.eureka.serviceregistry.EurekaServiceRegistry:64] -- Unregistering application cjzf-config-server with eureka with status DOWN
[2018-02-08 01:22:19] [INFO ] [org.springframework.context.annotation.AnnotationConfigApplicationContext:984] -- Closing org.springframework.context.annotation.AnnotationConfigApplicationContext@d62feaf: startup date [Thu Feb 08 00:33:37 CST 2018]; parent: org.springframework.boot.context.embedded.AnnotationConfigEmbeddedWebApplicationContext@418c020b
[2018-02-08 01:22:19] [INFO ] [org.springframework.cloud.netflix.eureka.serviceregistry.EurekaServiceRegistry:64] -- Unregistering application cjzf-config-server with eureka with status DOWN
[2018-02-08 01:22:19] [INFO ] [org.springframework.context.support.DefaultLifecycleProcessor:358] -- Stopping beans in phase 2147483647
[2018-02-08 01:22:19] [INFO ] [org.springframework.context.support.DefaultLifecycleProcessor:358] -- Stopping beans in phase 2147482647
[2018-02-08 01:22:19] [INFO ] [org.springframework.amqp.rabbit.listener.SimpleMessageListenerContainer:908] -- Waiting for workers to finish.
[2018-02-08 01:22:20] [INFO ] [org.springframework.amqp.rabbit.listener.SimpleMessageListenerContainer:911] -- Successfully waited for workers to finish.
[2018-02-08 01:22:20] [INFO ] [org.springframework.integration.amqp.inbound.AmqpInboundChannelAdapter:137] -- stopped inbound.springCloudBus.anonymous.6QJSmTSgTOCaf2QqSRzITg
[2018-02-08 01:22:20] [INFO ] [org.springframework.context.support.DefaultLifecycleProcessor:358] -- Stopping beans in phase 0
[2018-02-08 01:22:20] [INFO ] [org.springframework.integration.endpoint.EventDrivenConsumer:108] -- Removing {logging-channel-adapter:_org.springframework.integration.errorLogger} as a subscriber to the 'errorChannel' channel
[2018-02-08 01:22:20] [INFO ] [org.springframework.integration.channel.PublishSubscribeChannel:81] -- Channel 'cjzf-config-server:dev:-831080154328983373.errorChannel' has 0 subscriber(s).
[2018-02-08 01:22:20] [INFO ] [org.springframework.integration.endpoint.EventDrivenConsumer:154] -- stopped _org.springframework.integration.errorLogger
[2018-02-08 01:22:20] [INFO ] [org.springframework.context.support.DefaultLifecycleProcessor:358] -- Stopping beans in phase -2147482648
[2018-02-08 01:22:20] [INFO ] [org.springframework.boot.actuate.endpoint.jmx.EndpointMBeanExporter:449] -- Unregistering JMX-exposed beans on shutdown
[2018-02-08 01:22:20] [INFO ] [org.springframework.boot.actuate.endpoint.jmx.EndpointMBeanExporter:241] -- Unregistering JMX-exposed beans
[2018-02-08 01:22:20] [INFO ] [org.springframework.scheduling.concurrent.ThreadPoolTaskScheduler:202] -- Shutting down ExecutorService 'taskScheduler'
[2018-02-08 01:22:20] [INFO ] [org.springframework.integration.monitor.IntegrationMBeanExporter:449] -- Unregistering JMX-exposed beans on shutdown
[2018-02-08 01:22:20] [INFO ] [org.springframework.integration.monitor.IntegrationMBeanExporter:241] -- Unregistering JMX-exposed beans
[2018-02-08 01:22:20] [INFO ] [org.springframework.integration.monitor.IntegrationMBeanExporter:375] -- Summary on shutdown: errorChannel
[2018-02-08 01:22:20] [INFO ] [org.springframework.integration.monitor.IntegrationMBeanExporter:375] -- Summary on shutdown: springCloudBusInput
[2018-02-08 01:22:20] [INFO ] [org.springframework.integration.monitor.IntegrationMBeanExporter:375] -- Summary on shutdown: springCloudBusOutput
[2018-02-08 01:22:20] [INFO ] [org.springframework.integration.monitor.IntegrationMBeanExporter:375] -- Summary on shutdown: nullChannel
[2018-02-08 01:22:20] [INFO ] [org.springframework.integration.monitor.IntegrationMBeanExporter:378] -- Summary on shutdown: _org.springframework.integration.errorLogger.handler
[2018-02-08 01:22:20] [INFO ] [org.springframework.jmx.export.annotation.AnnotationMBeanExporter:449] -- Unregistering JMX-exposed beans on shutdown
[2018-02-08 01:22:20] [INFO ] [org.springframework.jmx.export.annotation.AnnotationMBeanExporter:241] -- Unregistering JMX-exposed beans
[2018-02-08 01:22:20] [INFO ] [io.undertow.servlet:360] -- Destroying Spring FrameworkServlet 'dispatcherServlet'
