[2018-02-08 00:32:51] [INFO ] [org.springframework.boot.context.embedded.AnnotationConfigEmbeddedWebApplicationContext:984] -- Closing org.springframework.boot.context.embedded.AnnotationConfigEmbeddedWebApplicationContext@ebaa6cb: startup date [Wed Feb 07 22:09:39 CST 2018]; parent: org.springframework.context.annotation.AnnotationConfigApplicationContext@302552ec
[2018-02-08 00:32:51] [INFO ] [org.springframework.cloud.netflix.eureka.serviceregistry.EurekaServiceRegistry:64] -- Unregistering application cjzf-service-discovery with eureka with status DOWN
[2018-02-08 00:32:51] [INFO ] [org.springframework.context.support.DefaultLifecycleProcessor:358] -- Stopping beans in phase 0
[2018-02-08 00:32:51] [INFO ] [org.springframework.boot.actuate.endpoint.jmx.EndpointMBeanExporter:449] -- Unregistering JMX-exposed beans on shutdown
[2018-02-08 00:32:51] [INFO ] [org.springframework.boot.actuate.endpoint.jmx.EndpointMBeanExporter:241] -- Unregistering JMX-exposed beans
[2018-02-08 00:32:51] [INFO ] [org.springframework.jmx.export.annotation.AnnotationMBeanExporter:449] -- Unregistering JMX-exposed beans on shutdown
[2018-02-08 00:32:51] [INFO ] [org.springframework.jmx.export.annotation.AnnotationMBeanExporter:241] -- Unregistering JMX-exposed beans
[2018-02-08 00:32:51] [INFO ] [io.undertow.servlet:360] -- Destroying Spring FrameworkServlet 'dispatcherServlet'
[2018-02-08 00:33:11] [INFO ] [com.cjzf.Eureka:597] -- The following profiles are active: dev
[2018-02-08 00:33:11] [INFO ] [org.springframework.boot.context.embedded.AnnotationConfigEmbeddedWebApplicationContext:583] -- Refreshing org.springframework.boot.context.embedded.AnnotationConfigEmbeddedWebApplicationContext@21719a0: startup date [Thu Feb 08 00:33:11 CST 2018]; parent: org.springframework.context.annotation.AnnotationConfigApplicationContext@c4ed84
[2018-02-08 00:33:12] [INFO ] [org.springframework.beans.factory.support.DefaultListableBeanFactory:828] -- Overriding bean definition for bean 'managementServletContext' with a different definition: replacing [Root bean: class [null]; scope=; abstract=false; lazyInit=false; autowireMode=3; dependencyCheck=0; autowireCandidate=true; primary=false; factoryBeanName=org.springframework.boot.actuate.autoconfigure.EndpointWebMvcHypermediaManagementContextConfiguration; factoryMethodName=managementServletContext; initMethodName=null; destroyMethodName=(inferred); defined in class path resource [org/springframework/boot/actuate/autoconfigure/EndpointWebMvcHypermediaManagementContextConfiguration.class]] with [Root bean: class [null]; scope=; abstract=false; lazyInit=false; autowireMode=3; dependencyCheck=0; autowireCandidate=true; primary=false; factoryBeanName=org.springframework.boot.actuate.autoconfigure.EndpointWebMvcAutoConfiguration; factoryMethodName=managementServletContext; initMethodName=null; destroyMethodName=(inferred); defined in class path resource [org/springframework/boot/actuate/autoconfigure/EndpointWebMvcAutoConfiguration.class]]
[2018-02-08 00:33:12] [INFO ] [org.springframework.cloud.context.scope.GenericScope:263] -- BeanFactory id=02478e0c-72c9-3e51-9b50-6870fc2eedd1
[2018-02-08 00:33:12] [INFO ] [org.springframework.beans.factory.annotation.AutowiredAnnotationBeanPostProcessor:155] -- JSR-330 'javax.inject.Inject' annotation found and supported for autowiring
[2018-02-08 00:33:12] [INFO ] [org.springframework.context.support.PostProcessorRegistrationDelegate$BeanPostProcessorChecker:327] -- Bean 'org.springframework.cloud.netflix.metrics.MetricsInterceptorConfiguration$MetricsRestTemplateConfiguration' of type [org.springframework.cloud.netflix.metrics.MetricsInterceptorConfiguration$MetricsRestTemplateConfiguration$$EnhancerBySpringCGLIB$$63c9d49b] is not eligible for getting processed by all BeanPostProcessors (for example: not eligible for auto-proxying)
[2018-02-08 00:33:12] [INFO ] [org.springframework.context.support.PostProcessorRegistrationDelegate$BeanPostProcessorChecker:327] -- Bean 'org.springframework.cloud.autoconfigure.ConfigurationPropertiesRebinderAutoConfiguration' of type [org.springframework.cloud.autoconfigure.ConfigurationPropertiesRebinderAutoConfiguration$$EnhancerBySpringCGLIB$$4db73157] is not eligible for getting processed by all BeanPostProcessors (for example: not eligible for auto-proxying)
[2018-02-08 00:33:12] [INFO ] [org.xnio:104] -- XNIO version 3.3.8.Final
[2018-02-08 00:33:12] [INFO ] [org.xnio.nio:55] -- XNIO NIO Implementation Version 3.3.8.Final
[2018-02-08 00:33:13] [WARN ] [io.undertow.websockets.jsr:67] -- UT026009: XNIO worker was not set on WebSocketDeploymentInfo, the default worker will be used
[2018-02-08 00:33:13] [WARN ] [io.undertow.websockets.jsr:76] -- UT026010: Buffer pool was not set on WebSocketDeploymentInfo, the default pool will be used
[2018-02-08 00:33:13] [INFO ] [io.undertow.servlet:360] -- Initializing Spring embedded WebApplicationContext
[2018-02-08 00:33:13] [INFO ] [org.springframework.web.context.ContextLoader:276] -- Root WebApplicationContext: initialization completed in 1117 ms
[2018-02-08 00:33:13] [INFO ] [org.springframework.boot.web.servlet.FilterRegistrationBean:258] -- Mapping filter: 'metricsFilter' to: [/*]
[2018-02-08 00:33:13] [INFO ] [org.springframework.boot.web.servlet.FilterRegistrationBean:258] -- Mapping filter: 'characterEncodingFilter' to: [/*]
[2018-02-08 00:33:13] [INFO ] [org.springframework.boot.web.servlet.FilterRegistrationBean:258] -- Mapping filter: 'hiddenHttpMethodFilter' to: [/*]
[2018-02-08 00:33:13] [INFO ] [org.springframework.boot.web.servlet.FilterRegistrationBean:258] -- Mapping filter: 'httpPutFormContentFilter' to: [/*]
[2018-02-08 00:33:13] [INFO ] [org.springframework.boot.web.servlet.FilterRegistrationBean:258] -- Mapping filter: 'requestContextFilter' to: [/*]
[2018-02-08 00:33:13] [INFO ] [org.springframework.boot.web.servlet.FilterRegistrationBean:258] -- Mapping filter: 'webRequestTraceFilter' to: [/*]
[2018-02-08 00:33:13] [INFO ] [org.springframework.boot.web.servlet.FilterRegistrationBean:271] -- Mapping filter: 'servletContainer' to urls: [/eureka/*]
[2018-02-08 00:33:13] [INFO ] [org.springframework.boot.web.servlet.FilterRegistrationBean:258] -- Mapping filter: 'applicationContextIdFilter' to: [/*]
[2018-02-08 00:33:13] [INFO ] [org.springframework.boot.web.servlet.ServletRegistrationBean:190] -- Mapping servlet: 'dispatcherServlet' to [/]
[2018-02-08 00:33:13] [WARN ] [com.netflix.config.sources.URLConfigurationSource:121] -- No URLs will be polled as dynamic configuration sources.
[2018-02-08 00:33:13] [WARN ] [com.netflix.config.sources.URLConfigurationSource:121] -- No URLs will be polled as dynamic configuration sources.
[2018-02-08 00:33:14] [INFO ] [org.springframework.web.servlet.mvc.method.annotation.RequestMappingHandlerAdapter:534] -- Looking for @ControllerAdvice: org.springframework.boot.context.embedded.AnnotationConfigEmbeddedWebApplicationContext@21719a0: startup date [Thu Feb 08 00:33:11 CST 2018]; parent: org.springframework.context.annotation.AnnotationConfigApplicationContext@c4ed84
[2018-02-08 00:33:14] [INFO ] [org.springframework.web.servlet.mvc.method.annotation.RequestMappingHandlerAdapter:566] -- Detected ResponseBodyAdvice bean in org.springframework.boot.actuate.autoconfigure.EndpointWebMvcHypermediaManagementContextConfiguration$ActuatorEndpointLinksAdvice
[2018-02-08 00:33:14] [INFO ] [org.springframework.web.servlet.mvc.method.annotation.RequestMappingHandlerMapping:543] -- Mapped "{[/error],produces=[text/html]}" onto public org.springframework.web.servlet.ModelAndView org.springframework.boot.autoconfigure.web.BasicErrorController.errorHtml(javax.servlet.http.HttpServletRequest,javax.servlet.http.HttpServletResponse)
[2018-02-08 00:33:14] [INFO ] [org.springframework.web.servlet.mvc.method.annotation.RequestMappingHandlerMapping:543] -- Mapped "{[/error]}" onto public org.springframework.http.ResponseEntity<java.util.Map<java.lang.String, java.lang.Object>> org.springframework.boot.autoconfigure.web.BasicErrorController.error(javax.servlet.http.HttpServletRequest)
[2018-02-08 00:33:14] [INFO ] [org.springframework.web.servlet.mvc.method.annotation.RequestMappingHandlerMapping:543] -- Mapped "{[/],methods=[GET]}" onto public java.lang.String org.springframework.cloud.netflix.eureka.server.EurekaController.status(javax.servlet.http.HttpServletRequest,java.util.Map<java.lang.String, java.lang.Object>)
[2018-02-08 00:33:14] [INFO ] [org.springframework.web.servlet.mvc.method.annotation.RequestMappingHandlerMapping:543] -- Mapped "{[/lastn],methods=[GET]}" onto public java.lang.String org.springframework.cloud.netflix.eureka.server.EurekaController.lastn(javax.servlet.http.HttpServletRequest,java.util.Map<java.lang.String, java.lang.Object>)
[2018-02-08 00:33:14] [INFO ] [org.springframework.web.servlet.handler.SimpleUrlHandlerMapping:362] -- Mapped URL path [/webjars/**] onto handler of type [class org.springframework.web.servlet.resource.ResourceHttpRequestHandler]
[2018-02-08 00:33:14] [INFO ] [org.springframework.web.servlet.handler.SimpleUrlHandlerMapping:362] -- Mapped URL path [/**] onto handler of type [class org.springframework.web.servlet.resource.ResourceHttpRequestHandler]
[2018-02-08 00:33:14] [INFO ] [org.springframework.web.servlet.handler.SimpleUrlHandlerMapping:362] -- Mapped URL path [/docs/**] onto handler of type [class org.springframework.web.servlet.resource.ResourceHttpRequestHandler]
[2018-02-08 00:33:14] [INFO ] [org.springframework.web.servlet.handler.SimpleUrlHandlerMapping:362] -- Mapped URL path [/actuator/] onto handler of type [class org.springframework.web.servlet.resource.ResourceHttpRequestHandler]
[2018-02-08 00:33:14] [INFO ] [org.springframework.web.servlet.handler.SimpleUrlHandlerMapping:362] -- Mapped URL path [/actuator/**] onto handler of type [class org.springframework.web.servlet.resource.ResourceHttpRequestHandler]
[2018-02-08 00:33:14] [INFO ] [org.springframework.web.servlet.mvc.method.annotation.ExceptionHandlerExceptionResolver:279] -- Detected ResponseBodyAdvice implementation in org.springframework.boot.actuate.autoconfigure.EndpointWebMvcHypermediaManagementContextConfiguration$ActuatorEndpointLinksAdvice
[2018-02-08 00:33:14] [INFO ] [org.springframework.web.servlet.handler.SimpleUrlHandlerMapping:362] -- Mapped URL path [/**/favicon.ico] onto handler of type [class org.springframework.web.servlet.resource.ResourceHttpRequestHandler]
[2018-02-08 00:33:14] [INFO ] [org.springframework.boot.actuate.endpoint.mvc.EndpointHandlerMapping:543] -- Mapped "{[/loggers/{name:.*}],methods=[GET],produces=[application/vnd.spring-boot.actuator.v1+json || application/json]}" onto public java.lang.Object org.springframework.boot.actuate.endpoint.mvc.LoggersMvcEndpoint.get(java.lang.String)
[2018-02-08 00:33:14] [INFO ] [org.springframework.boot.actuate.endpoint.mvc.EndpointHandlerMapping:543] -- Mapped "{[/loggers/{name:.*}],methods=[POST],consumes=[application/vnd.spring-boot.actuator.v1+json || application/json],produces=[application/vnd.spring-boot.actuator.v1+json || application/json]}" onto public java.lang.Object org.springframework.boot.actuate.endpoint.mvc.LoggersMvcEndpoint.set(java.lang.String,java.util.Map<java.lang.String, java.lang.String>)
[2018-02-08 00:33:14] [INFO ] [org.springframework.boot.actuate.endpoint.mvc.EndpointHandlerMapping:543] -- Mapped "{[/loggers || /loggers.json],methods=[GET],produces=[application/vnd.spring-boot.actuator.v1+json || application/json]}" onto public java.lang.Object org.springframework.boot.actuate.endpoint.mvc.EndpointMvcAdapter.invoke()
[2018-02-08 00:33:14] [INFO ] [org.springframework.boot.actuate.endpoint.mvc.EndpointHandlerMapping:543] -- Mapped "{[/metrics/{name:.*}],methods=[GET],produces=[application/vnd.spring-boot.actuator.v1+json || application/json]}" onto public java.lang.Object org.springframework.boot.actuate.endpoint.mvc.MetricsMvcEndpoint.value(java.lang.String)
[2018-02-08 00:33:14] [INFO ] [org.springframework.boot.actuate.endpoint.mvc.EndpointHandlerMapping:543] -- Mapped "{[/metrics || /metrics.json],methods=[GET],produces=[application/vnd.spring-boot.actuator.v1+json || application/json]}" onto public java.lang.Object org.springframework.boot.actuate.endpoint.mvc.EndpointMvcAdapter.invoke()
[2018-02-08 00:33:14] [INFO ] [org.springframework.boot.actuate.endpoint.mvc.EndpointHandlerMapping:543] -- Mapped "{[/trace || /trace.json],methods=[GET],produces=[application/vnd.spring-boot.actuator.v1+json || application/json]}" onto public java.lang.Object org.springframework.boot.actuate.endpoint.mvc.EndpointMvcAdapter.invoke()
[2018-02-08 00:33:14] [INFO ] [org.springframework.boot.actuate.endpoint.mvc.EndpointHandlerMapping:543] -- Mapped "{[/actuator || /actuator.json],produces=[text/html]}" onto public java.lang.String org.springframework.boot.actuate.endpoint.mvc.HalBrowserMvcEndpoint.browse(javax.servlet.http.HttpServletRequest)
[2018-02-08 00:33:14] [INFO ] [org.springframework.boot.actuate.endpoint.mvc.EndpointHandlerMapping:543] -- Mapped "{[/actuator || /actuator.json],methods=[GET],produces=[application/vnd.spring-boot.actuator.v1+json || application/json]}" onto public org.springframework.hateoas.ResourceSupport org.springframework.boot.actuate.endpoint.mvc.HalJsonMvcEndpoint.links()
[2018-02-08 00:33:14] [INFO ] [org.springframework.boot.actuate.endpoint.mvc.EndpointHandlerMapping:543] -- Mapped "{[/info || /info.json],methods=[GET],produces=[application/vnd.spring-boot.actuator.v1+json || application/json]}" onto public java.lang.Object org.springframework.boot.actuate.endpoint.mvc.EndpointMvcAdapter.invoke()
[2018-02-08 00:33:14] [INFO ] [org.springframework.boot.actuate.endpoint.mvc.EndpointHandlerMapping:543] -- Mapped "{[/restart || /restart.json],methods=[POST]}" onto public java.lang.Object org.springframework.cloud.context.restart.RestartMvcEndpoint.invoke()
[2018-02-08 00:33:14] [INFO ] [org.springframework.boot.actuate.endpoint.mvc.EndpointHandlerMapping:543] -- Mapped "{[/pause || /pause.json],methods=[POST]}" onto public java.lang.Object org.springframework.cloud.endpoint.GenericPostableMvcEndpoint.invoke()
[2018-02-08 00:33:14] [INFO ] [org.springframework.boot.actuate.endpoint.mvc.EndpointHandlerMapping:543] -- Mapped "{[/mappings || /mappings.json],methods=[GET],produces=[application/vnd.spring-boot.actuator.v1+json || application/json]}" onto public java.lang.Object org.springframework.boot.actuate.endpoint.mvc.EndpointMvcAdapter.invoke()
[2018-02-08 00:33:14] [INFO ] [org.springframework.boot.actuate.endpoint.mvc.EndpointHandlerMapping:543] -- Mapped "{[/autoconfig || /autoconfig.json],methods=[GET],produces=[application/vnd.spring-boot.actuator.v1+json || application/json]}" onto public java.lang.Object org.springframework.boot.actuate.endpoint.mvc.EndpointMvcAdapter.invoke()
[2018-02-08 00:33:14] [INFO ] [org.springframework.boot.actuate.endpoint.mvc.EndpointHandlerMapping:543] -- Mapped "{[/archaius || /archaius.json],methods=[GET],produces=[application/vnd.spring-boot.actuator.v1+json || application/json]}" onto public java.lang.Object org.springframework.boot.actuate.endpoint.mvc.EndpointMvcAdapter.invoke()
[2018-02-08 00:33:14] [INFO ] [org.springframework.boot.actuate.endpoint.mvc.EndpointHandlerMapping:543] -- Mapped "{[/features || /features.json],methods=[GET],produces=[application/vnd.spring-boot.actuator.v1+json || application/json]}" onto public java.lang.Object org.springframework.boot.actuate.endpoint.mvc.EndpointMvcAdapter.invoke()
[2018-02-08 00:33:14] [INFO ] [org.springframework.boot.actuate.endpoint.mvc.EndpointHandlerMapping:543] -- Mapped "{[/health || /health.json],methods=[GET],produces=[application/vnd.spring-boot.actuator.v1+json || application/json]}" onto public java.lang.Object org.springframework.boot.actuate.endpoint.mvc.HealthMvcEndpoint.invoke(javax.servlet.http.HttpServletRequest,java.security.Principal)
[2018-02-08 00:33:14] [INFO ] [org.springframework.boot.actuate.endpoint.mvc.EndpointHandlerMapping:543] -- Mapped "{[/service-registry/instance-status],methods=[GET]}" onto public org.springframework.http.ResponseEntity org.springframework.cloud.client.serviceregistry.endpoint.ServiceRegistryEndpoint.getStatus()
[2018-02-08 00:33:14] [INFO ] [org.springframework.boot.actuate.endpoint.mvc.EndpointHandlerMapping:543] -- Mapped "{[/service-registry/instance-status],methods=[POST]}" onto public org.springframework.http.ResponseEntity<?> org.springframework.cloud.client.serviceregistry.endpoint.ServiceRegistryEndpoint.setStatus(java.lang.String)
[2018-02-08 00:33:14] [INFO ] [org.springframework.boot.actuate.endpoint.mvc.EndpointHandlerMapping:543] -- Mapped "{[/configprops || /configprops.json],methods=[GET],produces=[application/vnd.spring-boot.actuator.v1+json || application/json]}" onto public java.lang.Object org.springframework.boot.actuate.endpoint.mvc.EndpointMvcAdapter.invoke()
[2018-02-08 00:33:14] [INFO ] [org.springframework.boot.actuate.endpoint.mvc.EndpointHandlerMapping:543] -- Mapped "{[/docs/],produces=[text/html]}" onto public java.lang.String org.springframework.boot.actuate.endpoint.mvc.DocsMvcEndpoint.browse()
[2018-02-08 00:33:14] [INFO ] [org.springframework.boot.actuate.endpoint.mvc.EndpointHandlerMapping:543] -- Mapped "{[/docs],produces=[text/html]}" onto public java.lang.String org.springframework.boot.actuate.endpoint.mvc.DocsMvcEndpoint.redirect()
[2018-02-08 00:33:14] [INFO ] [org.springframework.boot.actuate.endpoint.mvc.EndpointHandlerMapping:543] -- Mapped "{[/heapdump || /heapdump.json],methods=[GET],produces=[application/octet-stream]}" onto public void org.springframework.boot.actuate.endpoint.mvc.HeapdumpMvcEndpoint.invoke(boolean,javax.servlet.http.HttpServletRequest,javax.servlet.http.HttpServletResponse) throws java.io.IOException,javax.servlet.ServletException
[2018-02-08 00:33:14] [INFO ] [org.springframework.boot.actuate.endpoint.mvc.EndpointHandlerMapping:543] -- Mapped "{[/resume || /resume.json],methods=[POST]}" onto public java.lang.Object org.springframework.cloud.endpoint.GenericPostableMvcEndpoint.invoke()
[2018-02-08 00:33:14] [INFO ] [org.springframework.boot.actuate.endpoint.mvc.EndpointHandlerMapping:543] -- Mapped "{[/env/{name:.*}],methods=[GET],produces=[application/vnd.spring-boot.actuator.v1+json || application/json]}" onto public java.lang.Object org.springframework.boot.actuate.endpoint.mvc.EnvironmentMvcEndpoint.value(java.lang.String)
[2018-02-08 00:33:14] [INFO ] [org.springframework.boot.actuate.endpoint.mvc.EndpointHandlerMapping:543] -- Mapped "{[/env || /env.json],methods=[GET],produces=[application/vnd.spring-boot.actuator.v1+json || application/json]}" onto public java.lang.Object org.springframework.boot.actuate.endpoint.mvc.EndpointMvcAdapter.invoke()
[2018-02-08 00:33:14] [INFO ] [org.springframework.boot.actuate.endpoint.mvc.EndpointHandlerMapping:543] -- Mapped "{[/auditevents || /auditevents.json],methods=[GET],produces=[application/vnd.spring-boot.actuator.v1+json || application/json]}" onto public org.springframework.http.ResponseEntity<?> org.springframework.boot.actuate.endpoint.mvc.AuditEventsMvcEndpoint.findByPrincipalAndAfterAndType(java.lang.String,java.util.Date,java.lang.String)
[2018-02-08 00:33:14] [INFO ] [org.springframework.boot.actuate.endpoint.mvc.EndpointHandlerMapping:543] -- Mapped "{[/env],methods=[POST]}" onto public java.lang.Object org.springframework.cloud.context.environment.EnvironmentManagerMvcEndpoint.value(java.util.Map<java.lang.String, java.lang.String>)
[2018-02-08 00:33:14] [INFO ] [org.springframework.boot.actuate.endpoint.mvc.EndpointHandlerMapping:543] -- Mapped "{[/env/reset],methods=[POST]}" onto public java.util.Map<java.lang.String, java.lang.Object> org.springframework.cloud.context.environment.EnvironmentManagerMvcEndpoint.reset()
[2018-02-08 00:33:14] [INFO ] [org.springframework.boot.actuate.endpoint.mvc.EndpointHandlerMapping:543] -- Mapped "{[/beans || /beans.json],methods=[GET],produces=[application/vnd.spring-boot.actuator.v1+json || application/json]}" onto public java.lang.Object org.springframework.boot.actuate.endpoint.mvc.EndpointMvcAdapter.invoke()
[2018-02-08 00:33:14] [INFO ] [org.springframework.boot.actuate.endpoint.mvc.EndpointHandlerMapping:543] -- Mapped "{[/refresh || /refresh.json],methods=[POST]}" onto public java.lang.Object org.springframework.cloud.endpoint.GenericPostableMvcEndpoint.invoke()
[2018-02-08 00:33:14] [INFO ] [org.springframework.boot.actuate.endpoint.mvc.EndpointHandlerMapping:543] -- Mapped "{[/dump || /dump.json],methods=[GET],produces=[application/vnd.spring-boot.actuator.v1+json || application/json]}" onto public java.lang.Object org.springframework.boot.actuate.endpoint.mvc.EndpointMvcAdapter.invoke()
[2018-02-08 00:33:14] [INFO ] [org.springframework.ui.freemarker.SpringTemplateLoader:61] -- SpringTemplateLoader for FreeMarker: using resource loader [org.springframework.boot.context.embedded.AnnotationConfigEmbeddedWebApplicationContext@21719a0: startup date [Thu Feb 08 00:33:11 CST 2018]; parent: org.springframework.context.annotation.AnnotationConfigApplicationContext@c4ed84] and template loader path [classpath:/templates/]
[2018-02-08 00:33:14] [INFO ] [org.springframework.web.servlet.view.freemarker.FreeMarkerConfigurer:127] -- ClassTemplateLoader for Spring macros added to FreeMarker configuration
[2018-02-08 00:33:15] [INFO ] [org.springframework.cloud.netflix.eureka.InstanceInfoFactory:70] -- Setting initial instance status as: STARTING
[2018-02-08 00:33:15] [INFO ] [org.springframework.jmx.export.annotation.AnnotationMBeanExporter:431] -- Registering beans for JMX exposure on startup
[2018-02-08 00:33:15] [INFO ] [org.springframework.jmx.export.annotation.AnnotationMBeanExporter:916] -- Bean with name 'environmentManager' has been autodetected for JMX exposure
[2018-02-08 00:33:15] [INFO ] [org.springframework.jmx.export.annotation.AnnotationMBeanExporter:916] -- Bean with name 'configurationPropertiesRebinder' has been autodetected for JMX exposure
[2018-02-08 00:33:15] [INFO ] [org.springframework.jmx.export.annotation.AnnotationMBeanExporter:916] -- Bean with name 'refreshEndpoint' has been autodetected for JMX exposure
[2018-02-08 00:33:15] [INFO ] [org.springframework.jmx.export.annotation.AnnotationMBeanExporter:916] -- Bean with name 'restartEndpoint' has been autodetected for JMX exposure
[2018-02-08 00:33:15] [INFO ] [org.springframework.jmx.export.annotation.AnnotationMBeanExporter:916] -- Bean with name 'serviceRegistryEndpoint' has been autodetected for JMX exposure
[2018-02-08 00:33:15] [INFO ] [org.springframework.jmx.export.annotation.AnnotationMBeanExporter:916] -- Bean with name 'refreshScope' has been autodetected for JMX exposure
[2018-02-08 00:33:15] [INFO ] [org.springframework.jmx.export.annotation.AnnotationMBeanExporter:678] -- Located managed bean 'environmentManager': registering with JMX server as MBean [org.springframework.cloud.context.environment:name=environmentManager,type=EnvironmentManager]
[2018-02-08 00:33:15] [INFO ] [org.springframework.jmx.export.annotation.AnnotationMBeanExporter:678] -- Located managed bean 'restartEndpoint': registering with JMX server as MBean [org.springframework.cloud.context.restart:name=restartEndpoint,type=RestartEndpoint]
[2018-02-08 00:33:15] [INFO ] [org.springframework.jmx.export.annotation.AnnotationMBeanExporter:678] -- Located managed bean 'serviceRegistryEndpoint': registering with JMX server as MBean [org.springframework.cloud.client.serviceregistry.endpoint:name=serviceRegistryEndpoint,type=ServiceRegistryEndpoint]
[2018-02-08 00:33:15] [INFO ] [org.springframework.jmx.export.annotation.AnnotationMBeanExporter:678] -- Located managed bean 'refreshScope': registering with JMX server as MBean [org.springframework.cloud.context.scope.refresh:name=refreshScope,type=RefreshScope]
[2018-02-08 00:33:15] [INFO ] [org.springframework.jmx.export.annotation.AnnotationMBeanExporter:678] -- Located managed bean 'configurationPropertiesRebinder': registering with JMX server as MBean [org.springframework.cloud.context.properties:name=configurationPropertiesRebinder,context=21719a0,type=ConfigurationPropertiesRebinder]
[2018-02-08 00:33:15] [INFO ] [org.springframework.jmx.export.annotation.AnnotationMBeanExporter:678] -- Located managed bean 'refreshEndpoint': registering with JMX server as MBean [org.springframework.cloud.endpoint:name=refreshEndpoint,type=RefreshEndpoint]
[2018-02-08 00:33:15] [INFO ] [org.springframework.boot.actuate.endpoint.jmx.EndpointMBeanExporter:431] -- Registering beans for JMX exposure on startup
[2018-02-08 00:33:16] [INFO ] [org.springframework.context.support.DefaultLifecycleProcessor:343] -- Starting beans in phase 0
[2018-02-08 00:33:16] [INFO ] [org.springframework.cloud.netflix.eureka.serviceregistry.EurekaServiceRegistry:40] -- Registering application cjzf-service-discovery with eureka with status UP
[2018-02-08 00:33:16] [INFO ] [org.springframework.boot.actuate.endpoint.jmx.EndpointMBeanExporter:678] -- Located managed bean 'auditEventsEndpoint': registering with JMX server as MBean [org.springframework.boot:type=Endpoint,name=auditEventsEndpoint]
[2018-02-08 00:33:16] [INFO ] [org.springframework.boot.actuate.endpoint.jmx.EndpointMBeanExporter:678] -- Located managed bean 'archaiusEndpoint': registering with JMX server as MBean [org.springframework.boot:type=Endpoint,name=archaiusEndpoint]
[2018-02-08 00:33:16] [INFO ] [org.springframework.boot.actuate.endpoint.jmx.EndpointMBeanExporter:678] -- Located managed bean 'featuresEndpoint': registering with JMX server as MBean [org.springframework.boot:type=Endpoint,name=featuresEndpoint]
[2018-02-08 00:33:16] [INFO ] [org.springframework.boot.actuate.endpoint.jmx.EndpointMBeanExporter:678] -- Located managed bean 'requestMappingEndpoint': registering with JMX server as MBean [org.springframework.boot:type=Endpoint,name=requestMappingEndpoint]
[2018-02-08 00:33:16] [INFO ] [org.springframework.boot.actuate.endpoint.jmx.EndpointMBeanExporter:678] -- Located managed bean 'environmentEndpoint': registering with JMX server as MBean [org.springframework.boot:type=Endpoint,name=environmentEndpoint]
[2018-02-08 00:33:16] [INFO ] [org.springframework.boot.actuate.endpoint.jmx.EndpointMBeanExporter:678] -- Located managed bean 'healthEndpoint': registering with JMX server as MBean [org.springframework.boot:type=Endpoint,name=healthEndpoint]
[2018-02-08 00:33:16] [INFO ] [org.springframework.boot.actuate.endpoint.jmx.EndpointMBeanExporter:678] -- Located managed bean 'beansEndpoint': registering with JMX server as MBean [org.springframework.boot:type=Endpoint,name=beansEndpoint]
[2018-02-08 00:33:16] [INFO ] [org.springframework.boot.actuate.endpoint.jmx.EndpointMBeanExporter:678] -- Located managed bean 'infoEndpoint': registering with JMX server as MBean [org.springframework.boot:type=Endpoint,name=infoEndpoint]
[2018-02-08 00:33:16] [INFO ] [org.springframework.boot.actuate.endpoint.jmx.EndpointMBeanExporter:678] -- Located managed bean 'loggersEndpoint': registering with JMX server as MBean [org.springframework.boot:type=Endpoint,name=loggersEndpoint]
[2018-02-08 00:33:16] [INFO ] [org.springframework.boot.actuate.endpoint.jmx.EndpointMBeanExporter:678] -- Located managed bean 'metricsEndpoint': registering with JMX server as MBean [org.springframework.boot:type=Endpoint,name=metricsEndpoint]
[2018-02-08 00:33:16] [INFO ] [org.springframework.boot.actuate.endpoint.jmx.EndpointMBeanExporter:678] -- Located managed bean 'traceEndpoint': registering with JMX server as MBean [org.springframework.boot:type=Endpoint,name=traceEndpoint]
[2018-02-08 00:33:16] [INFO ] [org.springframework.boot.actuate.endpoint.jmx.EndpointMBeanExporter:678] -- Located managed bean 'dumpEndpoint': registering with JMX server as MBean [org.springframework.boot:type=Endpoint,name=dumpEndpoint]
[2018-02-08 00:33:16] [INFO ] [org.springframework.boot.actuate.endpoint.jmx.EndpointMBeanExporter:678] -- Located managed bean 'autoConfigurationReportEndpoint': registering with JMX server as MBean [org.springframework.boot:type=Endpoint,name=autoConfigurationReportEndpoint]
[2018-02-08 00:33:16] [INFO ] [org.springframework.boot.actuate.endpoint.jmx.EndpointMBeanExporter:678] -- Located managed bean 'configurationPropertiesReportEndpoint': registering with JMX server as MBean [org.springframework.boot:type=Endpoint,name=configurationPropertiesReportEndpoint]
[2018-02-08 00:33:16] [INFO ] [org.springframework.cloud.netflix.eureka.server.EurekaServerBootstrap:107] -- Setting the eureka configuration..
[2018-02-08 00:33:16] [INFO ] [org.springframework.cloud.netflix.eureka.server.EurekaServerBootstrap:112] -- Eureka data center value eureka.datacenter is not set, defaulting to default
[2018-02-08 00:33:16] [INFO ] [org.springframework.cloud.netflix.eureka.server.EurekaServerBootstrap:126] -- Eureka environment value eureka.environment is not set, defaulting to test
[2018-02-08 00:33:16] [INFO ] [org.springframework.cloud.netflix.eureka.server.EurekaServerBootstrap:182] -- isAws returned false
[2018-02-08 00:33:16] [INFO ] [org.springframework.cloud.netflix.eureka.server.EurekaServerBootstrap:150] -- Initialized server context
[2018-02-08 00:33:16] [INFO ] [org.springframework.cloud.netflix.eureka.server.EurekaServerInitializerConfiguration:71] -- Started Eureka Server
[2018-02-08 00:33:16] [INFO ] [org.springframework.boot.context.embedded.undertow.UndertowEmbeddedServletContainer:160] -- Undertow started on port(s) 8011 (http)
[2018-02-08 00:33:16] [INFO ] [org.springframework.cloud.netflix.eureka.serviceregistry.EurekaAutoServiceRegistration:117] -- Updating port to 8011
[2018-02-08 00:33:16] [INFO ] [com.cjzf.Eureka:57] -- Started Eureka in 5.398 seconds (JVM running for 6.431)
[2018-02-08 00:33:16] [INFO ] [com.cjzf.Eureka:20] -- end execute Eureka....

[2018-02-08 00:33:58] [INFO ] [io.undertow.servlet:360] -- Initializing Spring FrameworkServlet 'dispatcherServlet'
[2018-02-08 00:33:58] [INFO ] [org.springframework.web.servlet.DispatcherServlet:489] -- FrameworkServlet 'dispatcherServlet': initialization started
[2018-02-08 00:33:58] [INFO ] [org.springframework.web.servlet.DispatcherServlet:508] -- FrameworkServlet 'dispatcherServlet': initialization completed in 16 ms
[2018-02-08 00:33:58] [INFO ] [com.sun.jersey.server.impl.application.WebApplicationImpl:815] -- Initiating Jersey application, version 'Jersey: 1.19.1 03/11/2016 02:08 PM'
[2018-02-08 00:37:26] [WARN ] [com.netflix.eureka.registry.AbstractInstanceRegistry:628] -- DS: Registry: expired lease for CJZF-CONSUMER-USER/ember.lan:cjzf-consumer-user:8004
[2018-02-08 00:54:26] [WARN ] [com.netflix.eureka.registry.AbstractInstanceRegistry:628] -- DS: Registry: expired lease for CJZF-CONSUMER-USER/ember.lan:cjzf-consumer-user:8004
[2018-02-08 01:16:34] [WARN ] [com.netflix.eureka.registry.AbstractInstanceRegistry:316] -- DS: Registry: cancel failed because Lease is not registered for: CJZF-CONSUMER-USER/ember.lan:cjzf-consumer-user:8004
[2018-02-08 01:19:36] [WARN ] [com.netflix.eureka.registry.AbstractInstanceRegistry:628] -- DS: Registry: expired lease for CJZF-CONSUMER-USER/ember.lan:cjzf-consumer-user:8004
[2018-02-08 01:21:47] [WARN ] [com.netflix.eureka.registry.AbstractInstanceRegistry:628] -- DS: Registry: expired lease for CJZF-CONSUMER-USER/ember.lan:cjzf-consumer-user:8004
[2018-02-08 01:22:19] [INFO ] [org.springframework.boot.context.embedded.AnnotationConfigEmbeddedWebApplicationContext:984] -- Closing org.springframework.boot.context.embedded.AnnotationConfigEmbeddedWebApplicationContext@21719a0: startup date [Thu Feb 08 00:33:11 CST 2018]; parent: org.springframework.context.annotation.AnnotationConfigApplicationContext@c4ed84
[2018-02-08 01:22:19] [INFO ] [org.springframework.cloud.netflix.eureka.serviceregistry.EurekaServiceRegistry:64] -- Unregistering application cjzf-service-discovery with eureka with status DOWN
[2018-02-08 01:22:19] [INFO ] [org.springframework.context.support.DefaultLifecycleProcessor:358] -- Stopping beans in phase 0
[2018-02-08 01:22:19] [INFO ] [org.springframework.boot.actuate.endpoint.jmx.EndpointMBeanExporter:449] -- Unregistering JMX-exposed beans on shutdown
[2018-02-08 01:22:19] [INFO ] [org.springframework.boot.actuate.endpoint.jmx.EndpointMBeanExporter:241] -- Unregistering JMX-exposed beans
[2018-02-08 01:22:19] [INFO ] [org.springframework.jmx.export.annotation.AnnotationMBeanExporter:449] -- Unregistering JMX-exposed beans on shutdown
[2018-02-08 01:22:19] [INFO ] [org.springframework.jmx.export.annotation.AnnotationMBeanExporter:241] -- Unregistering JMX-exposed beans
[2018-02-08 01:22:19] [INFO ] [io.undertow.servlet:360] -- Destroying Spring FrameworkServlet 'dispatcherServlet'
